Using pre-set license
Built from '2021.3/staging' branch; Version is '2021.3.6f1 (7da38d85baf6) revision 8233869'; Using compiler version '192829333'; Build Type 'Release'
OS: 'Windows 10  (10.0.19044) 64bit Professional' Language: 'ko' Physical Memory: 16310 MB
BatchMode: 1, IsHumanControllingUs: 0, StartBugReporterOnCrash: 0, Is64bit: 1, IsPro: 1

COMMAND LINE ARGUMENTS:
C:\Program Files\Unity\Hub\Editor\2021.3.6f1\Editor\Unity.exe
-adb2
-batchMode
-noUpm
-name
AssetImportWorker0
-projectPath
C:/Develop_JH/My project
-logFile
Logs/AssetImportWorker0.log
-srvPort
8510
Successfully changed project path to: C:/Develop_JH/My project
C:/Develop_JH/My project
[UnityMemory] Configuration Parameters - Can be set up in boot.config
    "memorysetup-bucket-allocator-granularity=16"
    "memorysetup-bucket-allocator-bucket-count=8"
    "memorysetup-bucket-allocator-block-size=33554432"
    "memorysetup-bucket-allocator-block-count=8"
    "memorysetup-main-allocator-block-size=16777216"
    "memorysetup-thread-allocator-block-size=16777216"
    "memorysetup-gfx-main-allocator-block-size=16777216"
    "memorysetup-gfx-thread-allocator-block-size=16777216"
    "memorysetup-cache-allocator-block-size=4194304"
    "memorysetup-typetree-allocator-block-size=2097152"
    "memorysetup-profiler-bucket-allocator-granularity=16"
    "memorysetup-profiler-bucket-allocator-bucket-count=8"
    "memorysetup-profiler-bucket-allocator-block-size=33554432"
    "memorysetup-profiler-bucket-allocator-block-count=8"
    "memorysetup-profiler-allocator-block-size=16777216"
    "memorysetup-profiler-editor-allocator-block-size=1048576"
    "memorysetup-temp-allocator-size-main=16777216"
    "memorysetup-job-temp-allocator-block-size=2097152"
    "memorysetup-job-temp-allocator-block-size-background=1048576"
    "memorysetup-job-temp-allocator-reduction-small-platforms=262144"
    "memorysetup-temp-allocator-size-background-worker=32768"
    "memorysetup-temp-allocator-size-job-worker=262144"
    "memorysetup-temp-allocator-size-preload-manager=33554432"
    "memorysetup-temp-allocator-size-nav-mesh-worker=65536"
    "memorysetup-temp-allocator-size-audio-worker=65536"
    "memorysetup-temp-allocator-size-cloud-worker=32768"
    "memorysetup-temp-allocator-size-gi-baking-worker=262144"
    "memorysetup-temp-allocator-size-gfx=262144"
Refreshing native plugins compatible for Editor in 59.91 ms, found 3 plugins.
Preloading 0 native plugins for Editor in 0.00 ms.
Initialize engine version: 2021.3.6f1 (7da38d85baf6)
[Subsystems] Discovering subsystems at path C:/Program Files/Unity/Hub/Editor/2021.3.6f1/Editor/Data/Resources/UnitySubsystems
[Subsystems] Discovering subsystems at path C:/Develop_JH/My project/Assets
GfxDevice: creating device client; threaded=0; jobified=0
Direct3D:
    Version:  Direct3D 11.0 [level 11.1]
    Renderer: NVIDIA GeForce GTX 1050 (ID=0x1c81)
    Vendor:   NVIDIA
    VRAM:     1977 MB
    Driver:   27.21.14.5671
Initialize mono
Mono path[0] = 'C:/Program Files/Unity/Hub/Editor/2021.3.6f1/Editor/Data/Managed'
Mono path[1] = 'C:/Program Files/Unity/Hub/Editor/2021.3.6f1/Editor/Data/MonoBleedingEdge/lib/mono/unityjit-win32'
Mono config path = 'C:/Program Files/Unity/Hub/Editor/2021.3.6f1/Editor/Data/MonoBleedingEdge/etc'
Using monoOptions --debugger-agent=transport=dt_socket,embedding=1,server=y,suspend=n,address=127.0.0.1:56480
Begin MonoManager ReloadAssembly
Registering precompiled unity dll's ...
Register platform support module: C:/Program Files/Unity/Hub/Editor/2021.3.6f1/Editor/Data/PlaybackEngines/WindowsStandaloneSupport/UnityEditor.WindowsStandalone.Extensions.dll
Registered in 0.004709 seconds.
Native extension for WindowsStandalone target not found
Refreshing native plugins compatible for Editor in 58.59 ms, found 3 plugins.
Preloading 0 native plugins for Editor in 0.00 ms.
Mono: successfully reloaded assembly
- Completed reload, in  0.420 seconds
Domain Reload Profiling:
	ReloadAssembly (421ms)
		BeginReloadAssembly (49ms)
			ExecutionOrderSort (0ms)
			DisableScriptedObjects (0ms)
			BackupInstance (0ms)
			ReleaseScriptingObjects (0ms)
			CreateAndSetChildDomain (0ms)
		EndReloadAssembly (297ms)
			LoadAssemblies (47ms)
			RebuildTransferFunctionScriptingTraits (0ms)
			SetupTypeCache (65ms)
			ReleaseScriptCaches (0ms)
			RebuildScriptCaches (17ms)
			SetupLoadedEditorAssemblies (181ms)
				LogAssemblyErrors (0ms)
				InitializePlatformSupportModulesInManaged (5ms)
				SetLoadedEditorAssemblies (0ms)
				RefreshPlugins (59ms)
				BeforeProcessingInitializeOnLoad (1ms)
				ProcessInitializeOnLoadAttributes (85ms)
				ProcessInitializeOnLoadMethodAttributes (31ms)
				AfterProcessingInitializeOnLoad (0ms)
				EditorAssembliesLoaded (0ms)
			ExecutionOrderSort2 (0ms)
			AwakeInstancesAfterBackupRestoration (0ms)
Platform modules already initialized, skipping
Registering precompiled user dll's ...
Registered in 0.004199 seconds.
Begin MonoManager ReloadAssembly
Symbol file LoadedFromMemory doesn't match image C:\Develop_JH\My project\Library\PackageCache\com.unity.visualscripting@1.7.8\Editor\VisualScripting.Core\Dependencies\YamlDotNet\Unity.VisualScripting.YamlDotNet.dll
Symbol file LoadedFromMemory doesn't match image C:\Develop_JH\My project\Library\PackageCache\com.unity.visualscripting@1.7.8\Editor\VisualScripting.Core\Dependencies\DotNetZip\Unity.VisualScripting.IonicZip.dll
Native extension for WindowsStandalone target not found
Refreshing native plugins compatible for Editor in 0.44 ms, found 3 plugins.
Preloading 0 native plugins for Editor in 0.00 ms.
Mono: successfully reloaded assembly
- Completed reload, in  0.679 seconds
Domain Reload Profiling:
	ReloadAssembly (680ms)
		BeginReloadAssembly (78ms)
			ExecutionOrderSort (0ms)
			DisableScriptedObjects (4ms)
			BackupInstance (0ms)
			ReleaseScriptingObjects (0ms)
			CreateAndSetChildDomain (15ms)
		EndReloadAssembly (522ms)
			LoadAssemblies (53ms)
			RebuildTransferFunctionScriptingTraits (0ms)
			SetupTypeCache (161ms)
			ReleaseScriptCaches (0ms)
			RebuildScriptCaches (33ms)
			SetupLoadedEditorAssemblies (246ms)
				LogAssemblyErrors (0ms)
				InitializePlatformSupportModulesInManaged (4ms)
				SetLoadedEditorAssemblies (0ms)
				RefreshPlugins (0ms)
				BeforeProcessingInitializeOnLoad (64ms)
				ProcessInitializeOnLoadAttributes (152ms)
				ProcessInitializeOnLoadMethodAttributes (19ms)
				AfterProcessingInitializeOnLoad (6ms)
				EditorAssembliesLoaded (0ms)
			ExecutionOrderSort2 (0ms)
			AwakeInstancesAfterBackupRestoration (4ms)
Platform modules already initialized, skipping
========================================================================
Worker process is ready to serve import requests
Launched and connected shader compiler UnityShaderCompiler.exe after 0.03 seconds
Refreshing native plugins compatible for Editor in 0.55 ms, found 3 plugins.
Preloading 0 native plugins for Editor in 0.00 ms.
Unloading 3368 Unused Serialized files (Serialized files now loaded: 0)
Unloading 27 unused Assets / (111.0 KB). Loaded Objects now: 3825.
Memory consumption went from 115.8 MB to 115.7 MB.
Total: 2.331000 ms (FindLiveObjects: 0.169100 ms CreateObjectMapping: 0.072100 ms MarkObjects: 2.008300 ms  DeleteObjects: 0.081000 ms)

AssetImportParameters requested are different than current active one (requested -> active):
  custom:video-decoder-ogg-theora: a1e56fd34408186e4bbccfd4996cb3dc -> 
  custom:container-muxer-webm: aa71ff27fc2769a1b78a27578f13a17b -> 
  custom:container-demuxer-webm: 4f35f7cbe854078d1ac9338744f61a02 -> 
  custom:video-encoder-webm-vp8: eb34c28f22e8b96e1ab97ce403110664 -> 
  custom:audio-encoder-webm-vorbis: bf7c407c2cedff20999df2af8eb42d56 -> 
  custom:framework-win-MediaFoundation: 216162199b28c13a410421893ffa2e32 -> 
  custom:container-demuxer-ogg: 62fdf1f143b41e24485cea50d1cbac27 -> 
  custom:video-decoder-webm-vp8: 9c59270c3fd7afecdb556c50c9e8de78 -> 
  custom:audio-decoder-ogg-vorbis: bf7c407c2cedff20999df2af8eb42d56 -> 
========================================================================
Received Import Request.
  Time since last request: 539672.762403 seconds.
  path: Assets/level0
  artifactKey: Guid(ec9f309170150b343a29655f209cb896) Importer(815301076,1909f56bfc062723c751e8b465ee728b)
Start importing Assets/level0 using Guid(ec9f309170150b343a29655f209cb896) Importer(815301076,1909f56bfc062723c751e8b465ee728b)  -> (artifact id: '2824da0a83858bfacbdf9e4cdcb1eef4') in 0.013505 seconds 
========================================================================
Received Import Request.
  Time since last request: 21.418660 seconds.
  path: Assets/resources.assets
  artifactKey: Guid(543cf2d4807c5bd449712bfa5e2fe93f) Importer(815301076,1909f56bfc062723c751e8b465ee728b)
Start importing Assets/resources.assets using Guid(543cf2d4807c5bd449712bfa5e2fe93f) Importer(815301076,1909f56bfc062723c751e8b465ee728b)  -> (artifact id: '60746da7e28b7d7c96f898fc74b7592a') in 0.014625 seconds 
========================================================================
Received Prepare
Registering precompiled user dll's ...
Registered in 0.004587 seconds.
Begin MonoManager ReloadAssembly
Symbol file LoadedFromMemory doesn't match image C:\Develop_JH\My project\Library\PackageCache\com.unity.visualscripting@1.7.8\Editor\VisualScripting.Core\Dependencies\YamlDotNet\Unity.VisualScripting.YamlDotNet.dll
Symbol file LoadedFromMemory doesn't match image C:\Develop_JH\My project\Library\PackageCache\com.unity.visualscripting@1.7.8\Editor\VisualScripting.Core\Dependencies\DotNetZip\Unity.VisualScripting.IonicZip.dll
Native extension for WindowsStandalone target not found
Refreshing native plugins compatible for Editor in 0.42 ms, found 3 plugins.
Preloading 0 native plugins for Editor in 0.00 ms.
Mono: successfully reloaded assembly
- Completed reload, in  0.682 seconds
Domain Reload Profiling:
	ReloadAssembly (683ms)
		BeginReloadAssembly (103ms)
			ExecutionOrderSort (0ms)
			DisableScriptedObjects (4ms)
			BackupInstance (0ms)
			ReleaseScriptingObjects (0ms)
			CreateAndSetChildDomain (32ms)
		EndReloadAssembly (511ms)
			LoadAssemblies (57ms)
			RebuildTransferFunctionScriptingTraits (0ms)
			SetupTypeCache (177ms)
			ReleaseScriptCaches (1ms)
			RebuildScriptCaches (30ms)
			SetupLoadedEditorAssemblies (218ms)
				LogAssemblyErrors (0ms)
				InitializePlatformSupportModulesInManaged (10ms)
				SetLoadedEditorAssemblies (0ms)
				RefreshPlugins (0ms)
				BeforeProcessingInitializeOnLoad (50ms)
				ProcessInitializeOnLoadAttributes (134ms)
				ProcessInitializeOnLoadMethodAttributes (18ms)
				AfterProcessingInitializeOnLoad (6ms)
				EditorAssembliesLoaded (0ms)
			ExecutionOrderSort2 (0ms)
			AwakeInstancesAfterBackupRestoration (4ms)
Platform modules already initialized, skipping
Refreshing native plugins compatible for Editor in 1.23 ms, found 3 plugins.
Preloading 0 native plugins for Editor in 0.00 ms.
Unloading 3363 Unused Serialized files (Serialized files now loaded: 0)
Unloading 20 unused Assets / (78.1 KB). Loaded Objects now: 3828.
Memory consumption went from 115.8 MB to 115.7 MB.
Total: 2.232300 ms (FindLiveObjects: 0.183700 ms CreateObjectMapping: 0.072000 ms MarkObjects: 1.911700 ms  DeleteObjects: 0.064400 ms)

AssetImportParameters requested are different than current active one (requested -> active):
  custom:video-decoder-ogg-theora: a1e56fd34408186e4bbccfd4996cb3dc -> 
  custom:container-muxer-webm: aa71ff27fc2769a1b78a27578f13a17b -> 
  custom:container-demuxer-webm: 4f35f7cbe854078d1ac9338744f61a02 -> 
  custom:video-encoder-webm-vp8: eb34c28f22e8b96e1ab97ce403110664 -> 
  custom:audio-encoder-webm-vorbis: bf7c407c2cedff20999df2af8eb42d56 -> 
  custom:framework-win-MediaFoundation: 216162199b28c13a410421893ffa2e32 -> 
  custom:container-demuxer-ogg: 62fdf1f143b41e24485cea50d1cbac27 -> 
  custom:video-decoder-webm-vp8: 9c59270c3fd7afecdb556c50c9e8de78 -> 
  custom:audio-decoder-ogg-vorbis: bf7c407c2cedff20999df2af8eb42d56 -> 
========================================================================
Received Import Request.
  Time since last request: 1626.790528 seconds.
  path: Assets/RPG_FPS_game_assets_industrial/Map_v1
  artifactKey: Guid(94fdc5985e0a94447b36138bdb5bf898) Importer(815301076,1909f56bfc062723c751e8b465ee728b)
Start importing Assets/RPG_FPS_game_assets_industrial/Map_v1 using Guid(94fdc5985e0a94447b36138bdb5bf898) Importer(815301076,1909f56bfc062723c751e8b465ee728b)  -> (artifact id: 'b61c3c75da8ab4db59ccc2a7069b7f59') in 0.009994 seconds 
========================================================================
Received Import Request.
  Time since last request: 6.454342 seconds.
  path: Assets/Scenes/SampleScene.unity
  artifactKey: Guid(9fc0d4010bbf28b4594072e72b8655ab) Importer(815301076,1909f56bfc062723c751e8b465ee728b)
Start importing Assets/Scenes/SampleScene.unity using Guid(9fc0d4010bbf28b4594072e72b8655ab) Importer(815301076,1909f56bfc062723c751e8b465ee728b)  -> (artifact id: 'e55ccaa32d8e5c1de03c07a5412c8c3c') in 0.004453 seconds 
========================================================================
Received Import Request.
  Time since last request: 11.459592 seconds.
  path: Assets/RPG_FPS_game_assets_industrial/Map_v1.unity
  artifactKey: Guid(5a463281e6e238742a45430f11e82829) Importer(815301076,1909f56bfc062723c751e8b465ee728b)
Start importing Assets/RPG_FPS_game_assets_industrial/Map_v1.unity using Guid(5a463281e6e238742a45430f11e82829) Importer(815301076,1909f56bfc062723c751e8b465ee728b)  -> (artifact id: 'b3239fdcd8833babe189b38e7c87fbd7') in 0.015563 seconds 
========================================================================
Received Import Request.
  Time since last request: 0.872021 seconds.
  path: Assets/RPG_FPS_game_assets_industrial/Assets_showcase_scene.unity
  artifactKey: Guid(a8f7c31154bcc5e409be7f1bb14f0b08) Importer(815301076,1909f56bfc062723c751e8b465ee728b)
Start importing Assets/RPG_FPS_game_assets_industrial/Assets_showcase_scene.unity using Guid(a8f7c31154bcc5e409be7f1bb14f0b08) Importer(815301076,1909f56bfc062723c751e8b465ee728b)  -> (artifact id: '22d9c7fd36669fb6c01490cd118df60c') in 0.004557 seconds 
========================================================================
Received Prepare
Registering precompiled user dll's ...
Registered in 0.003921 seconds.
Begin MonoManager ReloadAssembly
Symbol file LoadedFromMemory doesn't match image C:\Develop_JH\My project\Library\PackageCache\com.unity.visualscripting@1.7.8\Editor\VisualScripting.Core\Dependencies\YamlDotNet\Unity.VisualScripting.YamlDotNet.dll
Symbol file LoadedFromMemory doesn't match image C:\Develop_JH\My project\Library\PackageCache\com.unity.visualscripting@1.7.8\Editor\VisualScripting.Core\Dependencies\DotNetZip\Unity.VisualScripting.IonicZip.dll
Native extension for WindowsStandalone target not found
Refreshing native plugins compatible for Editor in 0.63 ms, found 3 plugins.
Preloading 0 native plugins for Editor in 0.00 ms.
Mono: successfully reloaded assembly
- Completed reload, in  0.722 seconds
Domain Reload Profiling:
	ReloadAssembly (722ms)
		BeginReloadAssembly (102ms)
			ExecutionOrderSort (0ms)
			DisableScriptedObjects (4ms)
			BackupInstance (0ms)
			ReleaseScriptingObjects (0ms)
			CreateAndSetChildDomain (33ms)
		EndReloadAssembly (554ms)
			LoadAssemblies (54ms)
			RebuildTransferFunctionScriptingTraits (0ms)
			SetupTypeCache (184ms)
			ReleaseScriptCaches (1ms)
			RebuildScriptCaches (28ms)
			SetupLoadedEditorAssemblies (248ms)
				LogAssemblyErrors (0ms)
				InitializePlatformSupportModulesInManaged (10ms)
				SetLoadedEditorAssemblies (0ms)
				RefreshPlugins (1ms)
				BeforeProcessingInitializeOnLoad (54ms)
				ProcessInitializeOnLoadAttributes (153ms)
				ProcessInitializeOnLoadMethodAttributes (23ms)
				AfterProcessingInitializeOnLoad (6ms)
				EditorAssembliesLoaded (0ms)
			ExecutionOrderSort2 (0ms)
			AwakeInstancesAfterBackupRestoration (4ms)
Platform modules already initialized, skipping
Refreshing native plugins compatible for Editor in 1.58 ms, found 3 plugins.
Preloading 0 native plugins for Editor in 0.00 ms.
Unloading 3363 Unused Serialized files (Serialized files now loaded: 0)
Unloading 20 unused Assets / (78.3 KB). Loaded Objects now: 3831.
Memory consumption went from 115.8 MB to 115.7 MB.
Total: 2.312600 ms (FindLiveObjects: 0.218000 ms CreateObjectMapping: 0.108300 ms MarkObjects: 1.921100 ms  DeleteObjects: 0.064800 ms)

AssetImportParameters requested are different than current active one (requested -> active):
  custom:video-decoder-ogg-theora: a1e56fd34408186e4bbccfd4996cb3dc -> 
  custom:container-muxer-webm: aa71ff27fc2769a1b78a27578f13a17b -> 
  custom:container-demuxer-webm: 4f35f7cbe854078d1ac9338744f61a02 -> 
  custom:video-encoder-webm-vp8: eb34c28f22e8b96e1ab97ce403110664 -> 
  custom:audio-encoder-webm-vorbis: bf7c407c2cedff20999df2af8eb42d56 -> 
  custom:framework-win-MediaFoundation: 216162199b28c13a410421893ffa2e32 -> 
  custom:container-demuxer-ogg: 62fdf1f143b41e24485cea50d1cbac27 -> 
  custom:video-decoder-webm-vp8: 9c59270c3fd7afecdb556c50c9e8de78 -> 
  custom:audio-decoder-ogg-vorbis: bf7c407c2cedff20999df2af8eb42d56 -> 
========================================================================
Received Prepare
Registering precompiled user dll's ...
Registered in 0.004688 seconds.
Begin MonoManager ReloadAssembly
Symbol file LoadedFromMemory doesn't match image C:\Develop_JH\My project\Library\PackageCache\com.unity.visualscripting@1.7.8\Editor\VisualScripting.Core\Dependencies\YamlDotNet\Unity.VisualScripting.YamlDotNet.dll
Symbol file LoadedFromMemory doesn't match image C:\Develop_JH\My project\Library\PackageCache\com.unity.visualscripting@1.7.8\Editor\VisualScripting.Core\Dependencies\DotNetZip\Unity.VisualScripting.IonicZip.dll
Native extension for WindowsStandalone target not found
Refreshing native plugins compatible for Editor in 0.64 ms, found 3 plugins.
Preloading 0 native plugins for Editor in 0.00 ms.
Mono: successfully reloaded assembly
- Completed reload, in  0.719 seconds
Domain Reload Profiling:
	ReloadAssembly (719ms)
		BeginReloadAssembly (98ms)
			ExecutionOrderSort (0ms)
			DisableScriptedObjects (4ms)
			BackupInstance (0ms)
			ReleaseScriptingObjects (0ms)
			CreateAndSetChildDomain (28ms)
		EndReloadAssembly (555ms)
			LoadAssemblies (54ms)
			RebuildTransferFunctionScriptingTraits (0ms)
			SetupTypeCache (181ms)
			ReleaseScriptCaches (1ms)
			RebuildScriptCaches (29ms)
			SetupLoadedEditorAssemblies (252ms)
				LogAssemblyErrors (0ms)
				InitializePlatformSupportModulesInManaged (10ms)
				SetLoadedEditorAssemblies (0ms)
				RefreshPlugins (1ms)
				BeforeProcessingInitializeOnLoad (54ms)
				ProcessInitializeOnLoadAttributes (158ms)
				ProcessInitializeOnLoadMethodAttributes (22ms)
				AfterProcessingInitializeOnLoad (7ms)
				EditorAssembliesLoaded (0ms)
			ExecutionOrderSort2 (0ms)
			AwakeInstancesAfterBackupRestoration (5ms)
Platform modules already initialized, skipping
Refreshing native plugins compatible for Editor in 1.44 ms, found 3 plugins.
Preloading 0 native plugins for Editor in 0.00 ms.
Unloading 3363 Unused Serialized files (Serialized files now loaded: 0)
Unloading 20 unused Assets / (78.2 KB). Loaded Objects now: 3834.
Memory consumption went from 115.8 MB to 115.7 MB.
Total: 2.639400 ms (FindLiveObjects: 0.202700 ms CreateObjectMapping: 0.115400 ms MarkObjects: 2.250100 ms  DeleteObjects: 0.070600 ms)

AssetImportParameters requested are different than current active one (requested -> active):
  custom:video-decoder-ogg-theora: a1e56fd34408186e4bbccfd4996cb3dc -> 
  custom:container-muxer-webm: aa71ff27fc2769a1b78a27578f13a17b -> 
  custom:container-demuxer-webm: 4f35f7cbe854078d1ac9338744f61a02 -> 
  custom:video-encoder-webm-vp8: eb34c28f22e8b96e1ab97ce403110664 -> 
  custom:audio-encoder-webm-vorbis: bf7c407c2cedff20999df2af8eb42d56 -> 
  custom:framework-win-MediaFoundation: 216162199b28c13a410421893ffa2e32 -> 
  custom:container-demuxer-ogg: 62fdf1f143b41e24485cea50d1cbac27 -> 
  custom:video-decoder-webm-vp8: 9c59270c3fd7afecdb556c50c9e8de78 -> 
  custom:audio-decoder-ogg-vorbis: bf7c407c2cedff20999df2af8eb42d56 -> 
========================================================================
Received Prepare
Registering precompiled user dll's ...
Registered in 0.004792 seconds.
Begin MonoManager ReloadAssembly
Symbol file LoadedFromMemory doesn't match image C:\Develop_JH\My project\Library\PackageCache\com.unity.visualscripting@1.7.8\Editor\VisualScripting.Core\Dependencies\YamlDotNet\Unity.VisualScripting.YamlDotNet.dll
Symbol file LoadedFromMemory doesn't match image C:\Develop_JH\My project\Library\PackageCache\com.unity.visualscripting@1.7.8\Editor\VisualScripting.Core\Dependencies\DotNetZip\Unity.VisualScripting.IonicZip.dll
Native extension for WindowsStandalone target not found
Refreshing native plugins compatible for Editor in 0.49 ms, found 3 plugins.
Preloading 0 native plugins for Editor in 0.00 ms.
Mono: successfully reloaded assembly
- Completed reload, in  0.700 seconds
Domain Reload Profiling:
	ReloadAssembly (701ms)
		BeginReloadAssembly (98ms)
			ExecutionOrderSort (0ms)
			DisableScriptedObjects (4ms)
			BackupInstance (0ms)
			ReleaseScriptingObjects (0ms)
			CreateAndSetChildDomain (27ms)
		EndReloadAssembly (536ms)
			LoadAssemblies (57ms)
			RebuildTransferFunctionScriptingTraits (0ms)
			SetupTypeCache (163ms)
			ReleaseScriptCaches (1ms)
			RebuildScriptCaches (31ms)
			SetupLoadedEditorAssemblies (249ms)
				LogAssemblyErrors (0ms)
				InitializePlatformSupportModulesInManaged (10ms)
				SetLoadedEditorAssemblies (0ms)
				RefreshPlugins (1ms)
				BeforeProcessingInitializeOnLoad (54ms)
				ProcessInitializeOnLoadAttributes (156ms)
				ProcessInitializeOnLoadMethodAttributes (21ms)
				AfterProcessingInitializeOnLoad (7ms)
				EditorAssembliesLoaded (0ms)
			ExecutionOrderSort2 (0ms)
			AwakeInstancesAfterBackupRestoration (5ms)
Platform modules already initialized, skipping
Refreshing native plugins compatible for Editor in 1.53 ms, found 3 plugins.
Preloading 0 native plugins for Editor in 0.00 ms.
Unloading 3363 Unused Serialized files (Serialized files now loaded: 0)
Unloading 20 unused Assets / (78.1 KB). Loaded Objects now: 3837.
Memory consumption went from 115.8 MB to 115.7 MB.
Total: 2.343900 ms (FindLiveObjects: 0.209700 ms CreateObjectMapping: 0.093300 ms MarkObjects: 1.974500 ms  DeleteObjects: 0.065700 ms)

AssetImportParameters requested are different than current active one (requested -> active):
  custom:video-decoder-ogg-theora: a1e56fd34408186e4bbccfd4996cb3dc -> 
  custom:container-muxer-webm: aa71ff27fc2769a1b78a27578f13a17b -> 
  custom:container-demuxer-webm: 4f35f7cbe854078d1ac9338744f61a02 -> 
  custom:video-encoder-webm-vp8: eb34c28f22e8b96e1ab97ce403110664 -> 
  custom:audio-encoder-webm-vorbis: bf7c407c2cedff20999df2af8eb42d56 -> 
  custom:framework-win-MediaFoundation: 216162199b28c13a410421893ffa2e32 -> 
  custom:container-demuxer-ogg: 62fdf1f143b41e24485cea50d1cbac27 -> 
  custom:video-decoder-webm-vp8: 9c59270c3fd7afecdb556c50c9e8de78 -> 
  custom:audio-decoder-ogg-vorbis: bf7c407c2cedff20999df2af8eb42d56 -> 
========================================================================
Received Import Request.
  Time since last request: 291.483463 seconds.
  path: Assets/RPG_FPS_game_assets_industrial/Particles
  artifactKey: Guid(d46f01f719fb0b54f91e70d762f60629) Importer(815301076,1909f56bfc062723c751e8b465ee728b)
Start importing Assets/RPG_FPS_game_assets_industrial/Particles using Guid(d46f01f719fb0b54f91e70d762f60629) Importer(815301076,1909f56bfc062723c751e8b465ee728b)  -> (artifact id: 'd8c33e4f9190e0f0fa061ba65bc7c7a7') in 0.009209 seconds 
========================================================================
Received Import Request.
  Time since last request: 6.432015 seconds.
  path: Assets/RPG_FPS_game_assets_industrial/Textures
  artifactKey: Guid(fb80605a518b6e24098300d0fcb1e0ee) Importer(815301076,1909f56bfc062723c751e8b465ee728b)
Start importing Assets/RPG_FPS_game_assets_industrial/Textures using Guid(fb80605a518b6e24098300d0fcb1e0ee) Importer(815301076,1909f56bfc062723c751e8b465ee728b)  -> (artifact id: 'd46b10358156a62c5c2290f45f4302fb') in 0.004715 seconds 
========================================================================
Received Import Request.
  Time since last request: 0.603771 seconds.
  path: Assets/RPG_FPS_game_assets_industrial/Roads
  artifactKey: Guid(17ba308a597e27f4e9012b5cd729f02e) Importer(815301076,1909f56bfc062723c751e8b465ee728b)
Start importing Assets/RPG_FPS_game_assets_industrial/Roads using Guid(17ba308a597e27f4e9012b5cd729f02e) Importer(815301076,1909f56bfc062723c751e8b465ee728b)  -> (artifact id: 'e1f244015f3ab3d54af981bd397cf418') in 0.004999 seconds 
========================================================================
Received Import Request.
  Time since last request: 23.014476 seconds.
  path: Assets/RPG_FPS_game_assets_industrial/Barrels/Barrel_v1/Barrel_v1_LD1.prefab
  artifactKey: Guid(a22c0c7e17126fa4f89534dc98bcac8f) Importer(815301076,1909f56bfc062723c751e8b465ee728b)
Start importing Assets/RPG_FPS_game_assets_industrial/Barrels/Barrel_v1/Barrel_v1_LD1.prefab using Guid(a22c0c7e17126fa4f89534dc98bcac8f) Importer(815301076,1909f56bfc062723c751e8b465ee728b)  -> (artifact id: '01ad8472c23c3d408094f226c2e3aed0') in 0.121849 seconds 
========================================================================
Received Import Request.
  Time since last request: 1.006294 seconds.
  path: Assets/RPG_FPS_game_assets_industrial/Barrels/Barrel_v1/Barrel_v1_LD2.prefab
  artifactKey: Guid(17002e90aebb00b40a69cf6fe9083dfc) Importer(815301076,1909f56bfc062723c751e8b465ee728b)
Start importing Assets/RPG_FPS_game_assets_industrial/Barrels/Barrel_v1/Barrel_v1_LD2.prefab using Guid(17002e90aebb00b40a69cf6fe9083dfc) Importer(815301076,1909f56bfc062723c751e8b465ee728b)  -> (artifact id: 'e1f6be9b8cbbe14b08bc64ea2007bed2') in 0.010554 seconds 
========================================================================
Received Import Request.
  Time since last request: 0.617664 seconds.
  path: Assets/RPG_FPS_game_assets_industrial/Barrels/Barrel_v1/Barrel_v1_LD3.prefab
  artifactKey: Guid(85a8f6f8dca77df4e9c05f21b5e8ed87) Importer(815301076,1909f56bfc062723c751e8b465ee728b)
Start importing Assets/RPG_FPS_game_assets_industrial/Barrels/Barrel_v1/Barrel_v1_LD3.prefab using Guid(85a8f6f8dca77df4e9c05f21b5e8ed87) Importer(815301076,1909f56bfc062723c751e8b465ee728b)  -> (artifact id: '63644582a4af31ad73f1e30de8a11eeb') in 0.020057 seconds 
========================================================================
Received Import Request.
  Time since last request: 5.617192 seconds.
  path: Assets/RPG_FPS_game_assets_industrial/Dumpsters/Dumpsters_v1
  artifactKey: Guid(098703f88d0ceb448b123d66ee6e3683) Importer(815301076,1909f56bfc062723c751e8b465ee728b)
Start importing Assets/RPG_FPS_game_assets_industrial/Dumpsters/Dumpsters_v1 using Guid(098703f88d0ceb448b123d66ee6e3683) Importer(815301076,1909f56bfc062723c751e8b465ee728b)  -> (artifact id: '8c3abf9d67a34222e52ec4b95e1805a0') in 0.004965 seconds 
========================================================================
Received Import Request.
  Time since last request: 0.936019 seconds.
  path: Assets/RPG_FPS_game_assets_industrial/Dumpsters/Dumpsters_v1/Dumpsters_v1_empty.prefab
  artifactKey: Guid(94a643c50b8c98e488ed29457fc57cb6) Importer(815301076,1909f56bfc062723c751e8b465ee728b)
Start importing Assets/RPG_FPS_game_assets_industrial/Dumpsters/Dumpsters_v1/Dumpsters_v1_empty.prefab using Guid(94a643c50b8c98e488ed29457fc57cb6) Importer(815301076,1909f56bfc062723c751e8b465ee728b)  -> (artifact id: '3b807fdedfe9066bd1bbd6196f58acbf') in 0.010885 seconds 
========================================================================
Received Import Request.
  Time since last request: 0.567183 seconds.
  path: Assets/RPG_FPS_game_assets_industrial/Dumpsters/Dumpsters_v1/Dumpsters_v1_garbadge.prefab
  artifactKey: Guid(721671003a026be4fb47107988831b38) Importer(815301076,1909f56bfc062723c751e8b465ee728b)
Start importing Assets/RPG_FPS_game_assets_industrial/Dumpsters/Dumpsters_v1/Dumpsters_v1_garbadge.prefab using Guid(721671003a026be4fb47107988831b38) Importer(815301076,1909f56bfc062723c751e8b465ee728b)  -> (artifact id: '3bd21769660cb831463a43f305efcefe') in 0.010150 seconds 
========================================================================
Received Import Request.
  Time since last request: 1.599757 seconds.
  path: Assets/RPG_FPS_game_assets_industrial/Dumpsters/Dumpsters_v1/Source
  artifactKey: Guid(495498c076531b444adcfd475b824e8a) Importer(815301076,1909f56bfc062723c751e8b465ee728b)
Start importing Assets/RPG_FPS_game_assets_industrial/Dumpsters/Dumpsters_v1/Source using Guid(495498c076531b444adcfd475b824e8a) Importer(815301076,1909f56bfc062723c751e8b465ee728b)  -> (artifact id: '3f9e62cb29069d5926a3a61543bf0c9f') in 0.004795 seconds 
========================================================================
Received Import Request.
  Time since last request: 1.093709 seconds.
  path: Assets/RPG_FPS_game_assets_industrial/Dumpsters/Dumpsters_v1/Source/Dumpsters_v1.tga
  artifactKey: Guid(8d573834b9816fa48b0bebb9c00194f0) Importer(815301076,1909f56bfc062723c751e8b465ee728b)
Start importing Assets/RPG_FPS_game_assets_industrial/Dumpsters/Dumpsters_v1/Source/Dumpsters_v1.tga using Guid(8d573834b9816fa48b0bebb9c00194f0) Importer(815301076,1909f56bfc062723c751e8b465ee728b)  -> (artifact id: '635bdfaf840885e692e5ccd32e71523e') in 0.012516 seconds 
========================================================================
Received Import Request.
  Time since last request: 0.550281 seconds.
  path: Assets/RPG_FPS_game_assets_industrial/Dumpsters/Dumpsters_v1/Source/Dumpsters_v1.FBX
  artifactKey: Guid(e3be5b0626d16304eb988d7565f17bc5) Importer(815301076,1909f56bfc062723c751e8b465ee728b)
Start importing Assets/RPG_FPS_game_assets_industrial/Dumpsters/Dumpsters_v1/Source/Dumpsters_v1.FBX using Guid(e3be5b0626d16304eb988d7565f17bc5) Importer(815301076,1909f56bfc062723c751e8b465ee728b)  -> (artifact id: '4a977fa6a6e8c12ecb575ddd46c2dd31') in 0.282562 seconds 
========================================================================
Received Import Request.
  Time since last request: 7.258441 seconds.
  path: Assets/RPG_FPS_game_assets_industrial/Textures/Asphalt
  artifactKey: Guid(987a80acaed3e534895f9aec867853e7) Importer(815301076,1909f56bfc062723c751e8b465ee728b)
Start importing Assets/RPG_FPS_game_assets_industrial/Textures/Asphalt using Guid(987a80acaed3e534895f9aec867853e7) Importer(815301076,1909f56bfc062723c751e8b465ee728b)  -> (artifact id: 'bea2403537a62a3189e0d9c30b58e91e') in 0.017273 seconds 
========================================================================
Received Import Request.
  Time since last request: 4.128406 seconds.
  path: Assets/RPG_FPS_game_assets_industrial/Textures/Transparent/Lattice
  artifactKey: Guid(1900815465a172c42bfa310ab75078c3) Importer(815301076,1909f56bfc062723c751e8b465ee728b)
Start importing Assets/RPG_FPS_game_assets_industrial/Textures/Transparent/Lattice using Guid(1900815465a172c42bfa310ab75078c3) Importer(815301076,1909f56bfc062723c751e8b465ee728b)  -> (artifact id: 'df0a16a8959ac9411c0b9a80867ccccd') in 0.004780 seconds 
========================================================================
Received Prepare
Registering precompiled user dll's ...
Registered in 0.003835 seconds.
Begin MonoManager ReloadAssembly
Symbol file LoadedFromMemory doesn't match image C:\Develop_JH\My project\Library\PackageCache\com.unity.visualscripting@1.7.8\Editor\VisualScripting.Core\Dependencies\YamlDotNet\Unity.VisualScripting.YamlDotNet.dll
Symbol file LoadedFromMemory doesn't match image C:\Develop_JH\My project\Library\PackageCache\com.unity.visualscripting@1.7.8\Editor\VisualScripting.Core\Dependencies\DotNetZip\Unity.VisualScripting.IonicZip.dll
Native extension for WindowsStandalone target not found
Refreshing native plugins compatible for Editor in 0.60 ms, found 3 plugins.
Preloading 0 native plugins for Editor in 0.00 ms.
[ScriptCompilation] NOT recompiling all scripts because this is an import worker process. Reason to compile was: Define symbols changed
Mono: successfully reloaded assembly
- Completed reload, in  0.684 seconds
Domain Reload Profiling:
	ReloadAssembly (684ms)
		BeginReloadAssembly (97ms)
			ExecutionOrderSort (0ms)
			DisableScriptedObjects (3ms)
			BackupInstance (0ms)
			ReleaseScriptingObjects (0ms)
			CreateAndSetChildDomain (29ms)
		EndReloadAssembly (521ms)
			LoadAssemblies (53ms)
			RebuildTransferFunctionScriptingTraits (0ms)
			SetupTypeCache (166ms)
			ReleaseScriptCaches (1ms)
			RebuildScriptCaches (24ms)
			SetupLoadedEditorAssemblies (247ms)
				LogAssemblyErrors (0ms)
				InitializePlatformSupportModulesInManaged (9ms)
				SetLoadedEditorAssemblies (0ms)
				RefreshPlugins (1ms)
				BeforeProcessingInitializeOnLoad (54ms)
				ProcessInitializeOnLoadAttributes (159ms)
				ProcessInitializeOnLoadMethodAttributes (18ms)
				AfterProcessingInitializeOnLoad (6ms)
				EditorAssembliesLoaded (0ms)
			ExecutionOrderSort2 (0ms)
			AwakeInstancesAfterBackupRestoration (4ms)
Platform modules already initialized, skipping
Refreshing native plugins compatible for Editor in 1.76 ms, found 3 plugins.
Preloading 0 native plugins for Editor in 0.00 ms.
Unloading 3496 Unused Serialized files (Serialized files now loaded: 0)
Unloading 59 unused Assets / (3.3 MB). Loaded Objects now: 3947.
Memory consumption went from 133.2 MB to 129.9 MB.
Total: 3.212900 ms (FindLiveObjects: 0.192800 ms CreateObjectMapping: 0.109900 ms MarkObjects: 2.139200 ms  DeleteObjects: 0.769900 ms)

AssetImportParameters requested are different than current active one (requested -> active):
  custom:video-decoder-ogg-theora: a1e56fd34408186e4bbccfd4996cb3dc -> 
  custom:container-muxer-webm: aa71ff27fc2769a1b78a27578f13a17b -> 
  custom:container-demuxer-webm: 4f35f7cbe854078d1ac9338744f61a02 -> 
  custom:video-encoder-webm-vp8: eb34c28f22e8b96e1ab97ce403110664 -> 
  custom:audio-encoder-webm-vorbis: bf7c407c2cedff20999df2af8eb42d56 -> 
  custom:framework-win-MediaFoundation: 216162199b28c13a410421893ffa2e32 -> 
  custom:container-demuxer-ogg: 62fdf1f143b41e24485cea50d1cbac27 -> 
  custom:video-decoder-webm-vp8: 9c59270c3fd7afecdb556c50c9e8de78 -> 
  custom:audio-decoder-ogg-vorbis: bf7c407c2cedff20999df2af8eb42d56 -> 
========================================================================
Received Prepare
Registering precompiled user dll's ...
Registered in 0.004737 seconds.
Begin MonoManager ReloadAssembly
Symbol file LoadedFromMemory doesn't match image C:\Develop_JH\My project\Library\PackageCache\com.unity.visualscripting@1.7.8\Editor\VisualScripting.Core\Dependencies\YamlDotNet\Unity.VisualScripting.YamlDotNet.dll
Symbol file LoadedFromMemory doesn't match image C:\Develop_JH\My project\Library\PackageCache\com.unity.visualscripting@1.7.8\Editor\VisualScripting.Core\Dependencies\DotNetZip\Unity.VisualScripting.IonicZip.dll
Native extension for WindowsStandalone target not found
Refreshing native plugins compatible for Editor in 0.55 ms, found 3 plugins.
Preloading 0 native plugins for Editor in 0.00 ms.
Mono: successfully reloaded assembly
- Completed reload, in  0.684 seconds
Domain Reload Profiling:
	ReloadAssembly (684ms)
		BeginReloadAssembly (100ms)
			ExecutionOrderSort (0ms)
			DisableScriptedObjects (4ms)
			BackupInstance (0ms)
			ReleaseScriptingObjects (0ms)
			CreateAndSetChildDomain (30ms)
		EndReloadAssembly (518ms)
			LoadAssemblies (55ms)
			RebuildTransferFunctionScriptingTraits (0ms)
			SetupTypeCache (170ms)
			ReleaseScriptCaches (1ms)
			RebuildScriptCaches (26ms)
			SetupLoadedEditorAssemblies (237ms)
				LogAssemblyErrors (0ms)
				InitializePlatformSupportModulesInManaged (9ms)
				SetLoadedEditorAssemblies (0ms)
				RefreshPlugins (1ms)
				BeforeProcessingInitializeOnLoad (48ms)
				ProcessInitializeOnLoadAttributes (148ms)
				ProcessInitializeOnLoadMethodAttributes (25ms)
				AfterProcessingInitializeOnLoad (6ms)
				EditorAssembliesLoaded (0ms)
			ExecutionOrderSort2 (0ms)
			AwakeInstancesAfterBackupRestoration (4ms)
Platform modules already initialized, skipping
Refreshing native plugins compatible for Editor in 1.44 ms, found 3 plugins.
Preloading 0 native plugins for Editor in 0.00 ms.
Unloading 3506 Unused Serialized files (Serialized files now loaded: 0)
Unloading 59 unused Assets / (3.3 MB). Loaded Objects now: 3960.
Memory consumption went from 133.5 MB to 130.2 MB.
Total: 3.030900 ms (FindLiveObjects: 0.191400 ms CreateObjectMapping: 0.079600 ms MarkObjects: 2.080500 ms  DeleteObjects: 0.678900 ms)

AssetImportParameters requested are different than current active one (requested -> active):
  custom:video-decoder-ogg-theora: a1e56fd34408186e4bbccfd4996cb3dc -> 
  custom:container-muxer-webm: aa71ff27fc2769a1b78a27578f13a17b -> 
  custom:container-demuxer-webm: 4f35f7cbe854078d1ac9338744f61a02 -> 
  custom:video-encoder-webm-vp8: eb34c28f22e8b96e1ab97ce403110664 -> 
  custom:audio-encoder-webm-vorbis: bf7c407c2cedff20999df2af8eb42d56 -> 
  custom:framework-win-MediaFoundation: 216162199b28c13a410421893ffa2e32 -> 
  custom:container-demuxer-ogg: 62fdf1f143b41e24485cea50d1cbac27 -> 
  custom:video-decoder-webm-vp8: 9c59270c3fd7afecdb556c50c9e8de78 -> 
  custom:audio-decoder-ogg-vorbis: bf7c407c2cedff20999df2af8eb42d56 -> 
========================================================================
Received Import Request.
  Time since last request: 487.185953 seconds.
  path: Assets/EvolveGames/RealisticFPSController
  artifactKey: Guid(57a0bda15f9bc1b4caa8c574bc8b5d3e) Importer(815301076,1909f56bfc062723c751e8b465ee728b)
Start importing Assets/EvolveGames/RealisticFPSController using Guid(57a0bda15f9bc1b4caa8c574bc8b5d3e) Importer(815301076,1909f56bfc062723c751e8b465ee728b)  -> (artifact id: 'c4051b4a1cffc8a0dd374fc7d6f8277d') in 0.009790 seconds 
========================================================================
Received Import Request.
  Time since last request: 2.861380 seconds.
  path: Assets/EvolveGames/RealisticFPSController/PlayerController.prefab
  artifactKey: Guid(a01c7516e659bdf4b9897ab54df69b69) Importer(815301076,1909f56bfc062723c751e8b465ee728b)
Start importing Assets/EvolveGames/RealisticFPSController/PlayerController.prefab using Guid(a01c7516e659bdf4b9897ab54df69b69) Importer(815301076,1909f56bfc062723c751e8b465ee728b)  -> (artifact id: '0d9f0cae82fc175be8c3f5b8e87ee888') in 0.345326 seconds 
========================================================================
Received Import Request.
  Time since last request: 4.291595 seconds.
  path: Assets/EvolveGames/RealisticFPSController/Documentation.txt
  artifactKey: Guid(ff49d27c96136a54da4a464830957240) Importer(815301076,1909f56bfc062723c751e8b465ee728b)
Start importing Assets/EvolveGames/RealisticFPSController/Documentation.txt using Guid(ff49d27c96136a54da4a464830957240) Importer(815301076,1909f56bfc062723c751e8b465ee728b)  -> (artifact id: 'be082b26a75b9ebbda9977f580c71936') in 0.008097 seconds 
========================================================================
Received Import Request.
  Time since last request: 11.904393 seconds.
  path: Assets/EvolveGames/RealisticFPSController/Prefabs
  artifactKey: Guid(827fe572186bd5d439d6af5730edb85a) Importer(815301076,1909f56bfc062723c751e8b465ee728b)
Start importing Assets/EvolveGames/RealisticFPSController/Prefabs using Guid(827fe572186bd5d439d6af5730edb85a) Importer(815301076,1909f56bfc062723c751e8b465ee728b)  -> (artifact id: '93c0c23b86f74f30c5868f4f6c476a4e') in 0.005095 seconds 
========================================================================
Received Import Request.
  Time since last request: 8.576886 seconds.
  path: Assets/EvolveGames/RealisticFPSController/Meshes
  artifactKey: Guid(a4515c4fb0993734b926e452c01ac078) Importer(815301076,1909f56bfc062723c751e8b465ee728b)
Start importing Assets/EvolveGames/RealisticFPSController/Meshes using Guid(a4515c4fb0993734b926e452c01ac078) Importer(815301076,1909f56bfc062723c751e8b465ee728b)  -> (artifact id: '4a47a3f4e075a0be43b6bb6cae8f163b') in 0.004779 seconds 
========================================================================
Received Import Request.
  Time since last request: 0.451183 seconds.
  path: Assets/EvolveGames/RealisticFPSController/Scenes
  artifactKey: Guid(afe3608ec2462234faa1bf75162ea3e0) Importer(815301076,1909f56bfc062723c751e8b465ee728b)
Start importing Assets/EvolveGames/RealisticFPSController/Scenes using Guid(afe3608ec2462234faa1bf75162ea3e0) Importer(815301076,1909f56bfc062723c751e8b465ee728b)  -> (artifact id: 'a41b7c6f911cb44c4482b4bc0ba9ad78') in 0.004579 seconds 
========================================================================
Received Import Request.
  Time since last request: 1.098987 seconds.
  path: Assets/EvolveGames/RealisticFPSController/Scenes/DemoScene.unity
  artifactKey: Guid(ab0b46e2e44b5d14f99aff193b77d1c2) Importer(815301076,1909f56bfc062723c751e8b465ee728b)
Start importing Assets/EvolveGames/RealisticFPSController/Scenes/DemoScene.unity using Guid(ab0b46e2e44b5d14f99aff193b77d1c2) Importer(815301076,1909f56bfc062723c751e8b465ee728b)  -> (artifact id: 'ceeff2ec597e9987ff40c3859b79d659') in 0.004656 seconds 
========================================================================
Received Import Request.
  Time since last request: 1.465439 seconds.
  path: Assets/EvolveGames/RealisticFPSController/Scenes/DemoScene
  artifactKey: Guid(7d6f07ef0b08c7749876a5db4d8053f8) Importer(815301076,1909f56bfc062723c751e8b465ee728b)
Start importing Assets/EvolveGames/RealisticFPSController/Scenes/DemoScene using Guid(7d6f07ef0b08c7749876a5db4d8053f8) Importer(815301076,1909f56bfc062723c751e8b465ee728b)  -> (artifact id: 'd77cd004fe2e48ba5263c63b1c7b0991') in 0.004543 seconds 
========================================================================
Received Import Request.
  Time since last request: 8.630544 seconds.
  path: Assets/EvolveGames/RealisticFPSController/Prefabs/Viewpoint.prefab
  artifactKey: Guid(edede5b8a0ab40848bcc91cfa7c35cb4) Importer(815301076,1909f56bfc062723c751e8b465ee728b)
Start importing Assets/EvolveGames/RealisticFPSController/Prefabs/Viewpoint.prefab using Guid(edede5b8a0ab40848bcc91cfa7c35cb4) Importer(815301076,1909f56bfc062723c751e8b465ee728b)  -> (artifact id: '39ff8f31f81ab8d72ca5a697f28ed5aa') in 0.010858 seconds 
========================================================================
Received Import Request.
  Time since last request: 1.002041 seconds.
  path: Assets/EvolveGames/RealisticFPSController/Prefabs/Shovel.prefab
  artifactKey: Guid(228dcdc285f709147a96671c322f1b0b) Importer(815301076,1909f56bfc062723c751e8b465ee728b)
Start importing Assets/EvolveGames/RealisticFPSController/Prefabs/Shovel.prefab using Guid(228dcdc285f709147a96671c322f1b0b) Importer(815301076,1909f56bfc062723c751e8b465ee728b)  -> (artifact id: '508407e047341cc85625e57e0185d59c') in 0.028432 seconds 
========================================================================
Received Import Request.
  Time since last request: 0.529063 seconds.
  path: Assets/EvolveGames/RealisticFPSController/Prefabs/RustyKatana.prefab
  artifactKey: Guid(b4d8fa752bd0cfb418ecbd372456766e) Importer(815301076,1909f56bfc062723c751e8b465ee728b)
Start importing Assets/EvolveGames/RealisticFPSController/Prefabs/RustyKatana.prefab using Guid(b4d8fa752bd0cfb418ecbd372456766e) Importer(815301076,1909f56bfc062723c751e8b465ee728b)  -> (artifact id: 'b30f340499a4a1582902f5e36d0303e7') in 0.017100 seconds 
========================================================================
Received Import Request.
  Time since last request: 0.398619 seconds.
  path: Assets/EvolveGames/RealisticFPSController/Prefabs/Ladder.prefab
  artifactKey: Guid(db34abd64e4337f499d57248078243b6) Importer(815301076,1909f56bfc062723c751e8b465ee728b)
Start importing Assets/EvolveGames/RealisticFPSController/Prefabs/Ladder.prefab using Guid(db34abd64e4337f499d57248078243b6) Importer(815301076,1909f56bfc062723c751e8b465ee728b)  -> (artifact id: '7b9f7c4401291a60d669329537ff1cb1') in 0.168871 seconds 
========================================================================
Received Import Request.
  Time since last request: 0.389636 seconds.
  path: Assets/EvolveGames/RealisticFPSController/Prefabs/Hammer.prefab
  artifactKey: Guid(3635a4949f532ee4c8696d00d26a9bef) Importer(815301076,1909f56bfc062723c751e8b465ee728b)
Start importing Assets/EvolveGames/RealisticFPSController/Prefabs/Hammer.prefab using Guid(3635a4949f532ee4c8696d00d26a9bef) Importer(815301076,1909f56bfc062723c751e8b465ee728b)  -> (artifact id: '5978fc58952aea327e36cc41d5c0cbb4') in 0.017688 seconds 
========================================================================
Received Import Request.
  Time since last request: 0.524159 seconds.
  path: Assets/EvolveGames/RealisticFPSController/Prefabs/Axe.prefab
  artifactKey: Guid(8770c6c9770b9d141a46864d4f1f6ee6) Importer(815301076,1909f56bfc062723c751e8b465ee728b)
Start importing Assets/EvolveGames/RealisticFPSController/Prefabs/Axe.prefab using Guid(8770c6c9770b9d141a46864d4f1f6ee6) Importer(815301076,1909f56bfc062723c751e8b465ee728b)  -> (artifact id: 'e5fe59ed8cc7022744b2521915c12f7b') in 0.015952 seconds 
========================================================================
Received Import Request.
  Time since last request: 1.310544 seconds.
  path: Assets/EvolveGames/RealisticFPSController/Prefabs/DATA
  artifactKey: Guid(86363dae4fd0ade4cbffee4e4d764b51) Importer(815301076,1909f56bfc062723c751e8b465ee728b)
Start importing Assets/EvolveGames/RealisticFPSController/Prefabs/DATA using Guid(86363dae4fd0ade4cbffee4e4d764b51) Importer(815301076,1909f56bfc062723c751e8b465ee728b)  -> (artifact id: '4bc974615c1fb0b45148513dd871ceb4') in 0.005433 seconds 
========================================================================
Received Import Request.
  Time since last request: 2.452311 seconds.
  path: Assets/EvolveGames/RealisticFPSController/Images
  artifactKey: Guid(1c503f02804af6340998c80a45a1baa2) Importer(815301076,1909f56bfc062723c751e8b465ee728b)
Start importing Assets/EvolveGames/RealisticFPSController/Images using Guid(1c503f02804af6340998c80a45a1baa2) Importer(815301076,1909f56bfc062723c751e8b465ee728b)  -> (artifact id: '4cee1efd7cf15464caca3f3384bdceb6') in 0.004700 seconds 
========================================================================
Received Import Request.
  Time since last request: 5.961366 seconds.
  path: Assets/EvolveGames/RealisticFPSController/Materials
  artifactKey: Guid(ab36f490c3d2e494195338a383bd3114) Importer(815301076,1909f56bfc062723c751e8b465ee728b)
Start importing Assets/EvolveGames/RealisticFPSController/Materials using Guid(ab36f490c3d2e494195338a383bd3114) Importer(815301076,1909f56bfc062723c751e8b465ee728b)  -> (artifact id: '5db4369231ec698f04d2f09fd095bc7c') in 0.004476 seconds 
========================================================================
Received Import Request.
  Time since last request: 4.877413 seconds.
  path: Assets/EvolveGames/RealisticFPSController/Animations
  artifactKey: Guid(ece277db3c6348046bcf84e1d1a3f00e) Importer(815301076,1909f56bfc062723c751e8b465ee728b)
Start importing Assets/EvolveGames/RealisticFPSController/Animations using Guid(ece277db3c6348046bcf84e1d1a3f00e) Importer(815301076,1909f56bfc062723c751e8b465ee728b)  -> (artifact id: '5e89423eab9a0b4018bbafbde02c3201') in 0.004454 seconds 
========================================================================
Received Import Request.
  Time since last request: 1.347320 seconds.
  path: Assets/EvolveGames/RealisticFPSController/Animations/MENU
  artifactKey: Guid(684459a9402ae5a4390f2bc415070525) Importer(815301076,1909f56bfc062723c751e8b465ee728b)
Start importing Assets/EvolveGames/RealisticFPSController/Animations/MENU using Guid(684459a9402ae5a4390f2bc415070525) Importer(815301076,1909f56bfc062723c751e8b465ee728b)  -> (artifact id: 'f7e09d856c20b75a06d27656ccbd6892') in 0.004627 seconds 
========================================================================
Received Import Request.
  Time since last request: 0.797353 seconds.
  path: Assets/EvolveGames/RealisticFPSController/Animations/Hands
  artifactKey: Guid(0e71fa3d28aa8df49b3c064ad1d987cf) Importer(815301076,1909f56bfc062723c751e8b465ee728b)
Start importing Assets/EvolveGames/RealisticFPSController/Animations/Hands using Guid(0e71fa3d28aa8df49b3c064ad1d987cf) Importer(815301076,1909f56bfc062723c751e8b465ee728b)  -> (artifact id: 'b192f9e5fbc20f3fb67ab26943c34704') in 0.004406 seconds 
========================================================================
Received Prepare
Registering precompiled user dll's ...
Registered in 0.003889 seconds.
Begin MonoManager ReloadAssembly
Symbol file LoadedFromMemory doesn't match image C:\Develop_JH\My project\Library\PackageCache\com.unity.visualscripting@1.7.8\Editor\VisualScripting.Core\Dependencies\YamlDotNet\Unity.VisualScripting.YamlDotNet.dll
Symbol file LoadedFromMemory doesn't match image C:\Develop_JH\My project\Library\PackageCache\com.unity.visualscripting@1.7.8\Editor\VisualScripting.Core\Dependencies\DotNetZip\Unity.VisualScripting.IonicZip.dll
Native extension for WindowsStandalone target not found
Refreshing native plugins compatible for Editor in 0.60 ms, found 3 plugins.
Preloading 0 native plugins for Editor in 0.00 ms.
Mono: successfully reloaded assembly
- Completed reload, in  0.685 seconds
Domain Reload Profiling:
	ReloadAssembly (686ms)
		BeginReloadAssembly (97ms)
			ExecutionOrderSort (0ms)
			DisableScriptedObjects (3ms)
			BackupInstance (0ms)
			ReleaseScriptingObjects (0ms)
			CreateAndSetChildDomain (29ms)
		EndReloadAssembly (523ms)
			LoadAssemblies (53ms)
			RebuildTransferFunctionScriptingTraits (0ms)
			SetupTypeCache (157ms)
			ReleaseScriptCaches (1ms)
			RebuildScriptCaches (24ms)
			SetupLoadedEditorAssemblies (255ms)
				LogAssemblyErrors (0ms)
				InitializePlatformSupportModulesInManaged (9ms)
				SetLoadedEditorAssemblies (0ms)
				RefreshPlugins (1ms)
				BeforeProcessingInitializeOnLoad (61ms)
				ProcessInitializeOnLoadAttributes (154ms)
				ProcessInitializeOnLoadMethodAttributes (23ms)
				AfterProcessingInitializeOnLoad (7ms)
				EditorAssembliesLoaded (0ms)
			ExecutionOrderSort2 (0ms)
			AwakeInstancesAfterBackupRestoration (4ms)
Platform modules already initialized, skipping
Refreshing native plugins compatible for Editor in 1.66 ms, found 3 plugins.
Preloading 0 native plugins for Editor in 0.00 ms.
Unloading 3506 Unused Serialized files (Serialized files now loaded: 0)
Unloading 59 unused Assets / (3.3 MB). Loaded Objects now: 3964.
Memory consumption went from 134.0 MB to 130.7 MB.
Total: 3.231500 ms (FindLiveObjects: 0.207500 ms CreateObjectMapping: 0.134800 ms MarkObjects: 2.154300 ms  DeleteObjects: 0.734400 ms)

AssetImportParameters requested are different than current active one (requested -> active):
  custom:video-decoder-ogg-theora: a1e56fd34408186e4bbccfd4996cb3dc -> 
  custom:container-muxer-webm: aa71ff27fc2769a1b78a27578f13a17b -> 
  custom:container-demuxer-webm: 4f35f7cbe854078d1ac9338744f61a02 -> 
  custom:video-encoder-webm-vp8: eb34c28f22e8b96e1ab97ce403110664 -> 
  custom:audio-encoder-webm-vorbis: bf7c407c2cedff20999df2af8eb42d56 -> 
  custom:framework-win-MediaFoundation: 216162199b28c13a410421893ffa2e32 -> 
  custom:container-demuxer-ogg: 62fdf1f143b41e24485cea50d1cbac27 -> 
  custom:video-decoder-webm-vp8: 9c59270c3fd7afecdb556c50c9e8de78 -> 
  custom:audio-decoder-ogg-vorbis: bf7c407c2cedff20999df2af8eb42d56 -> 
========================================================================
Received Prepare
Registering precompiled user dll's ...
Registered in 0.004993 seconds.
Begin MonoManager ReloadAssembly
Symbol file LoadedFromMemory doesn't match image C:\Develop_JH\My project\Library\PackageCache\com.unity.visualscripting@1.7.8\Editor\VisualScripting.Core\Dependencies\YamlDotNet\Unity.VisualScripting.YamlDotNet.dll
Symbol file LoadedFromMemory doesn't match image C:\Develop_JH\My project\Library\PackageCache\com.unity.visualscripting@1.7.8\Editor\VisualScripting.Core\Dependencies\DotNetZip\Unity.VisualScripting.IonicZip.dll
Native extension for WindowsStandalone target not found
Refreshing native plugins compatible for Editor in 0.88 ms, found 3 plugins.
Preloading 0 native plugins for Editor in 0.00 ms.
Mono: successfully reloaded assembly
- Completed reload, in  0.690 seconds
Domain Reload Profiling:
	ReloadAssembly (691ms)
		BeginReloadAssembly (96ms)
			ExecutionOrderSort (0ms)
			DisableScriptedObjects (4ms)
			BackupInstance (0ms)
			ReleaseScriptingObjects (0ms)
			CreateAndSetChildDomain (28ms)
		EndReloadAssembly (528ms)
			LoadAssemblies (53ms)
			RebuildTransferFunctionScriptingTraits (0ms)
			SetupTypeCache (158ms)
			ReleaseScriptCaches (1ms)
			RebuildScriptCaches (28ms)
			SetupLoadedEditorAssemblies (252ms)
				LogAssemblyErrors (0ms)
				InitializePlatformSupportModulesInManaged (10ms)
				SetLoadedEditorAssemblies (0ms)
				RefreshPlugins (1ms)
				BeforeProcessingInitializeOnLoad (57ms)
				ProcessInitializeOnLoadAttributes (155ms)
				ProcessInitializeOnLoadMethodAttributes (22ms)
				AfterProcessingInitializeOnLoad (7ms)
				EditorAssembliesLoaded (0ms)
			ExecutionOrderSort2 (0ms)
			AwakeInstancesAfterBackupRestoration (5ms)
Platform modules already initialized, skipping
Refreshing native plugins compatible for Editor in 1.67 ms, found 3 plugins.
Preloading 0 native plugins for Editor in 0.00 ms.
Unloading 3506 Unused Serialized files (Serialized files now loaded: 0)
Unloading 59 unused Assets / (3.3 MB). Loaded Objects now: 3967.
Memory consumption went from 134.0 MB to 130.7 MB.
Total: 2.951500 ms (FindLiveObjects: 0.209600 ms CreateObjectMapping: 0.067300 ms MarkObjects: 1.925200 ms  DeleteObjects: 0.748700 ms)

AssetImportParameters requested are different than current active one (requested -> active):
  custom:video-decoder-ogg-theora: a1e56fd34408186e4bbccfd4996cb3dc -> 
  custom:container-muxer-webm: aa71ff27fc2769a1b78a27578f13a17b -> 
  custom:container-demuxer-webm: 4f35f7cbe854078d1ac9338744f61a02 -> 
  custom:video-encoder-webm-vp8: eb34c28f22e8b96e1ab97ce403110664 -> 
  custom:audio-encoder-webm-vorbis: bf7c407c2cedff20999df2af8eb42d56 -> 
  custom:framework-win-MediaFoundation: 216162199b28c13a410421893ffa2e32 -> 
  custom:container-demuxer-ogg: 62fdf1f143b41e24485cea50d1cbac27 -> 
  custom:video-decoder-webm-vp8: 9c59270c3fd7afecdb556c50c9e8de78 -> 
  custom:audio-decoder-ogg-vorbis: bf7c407c2cedff20999df2af8eb42d56 -> 
========================================================================
Received Prepare
Registering precompiled user dll's ...
Registered in 0.004580 seconds.
Begin MonoManager ReloadAssembly
Symbol file LoadedFromMemory doesn't match image C:\Develop_JH\My project\Library\PackageCache\com.unity.visualscripting@1.7.8\Editor\VisualScripting.Core\Dependencies\YamlDotNet\Unity.VisualScripting.YamlDotNet.dll
Symbol file LoadedFromMemory doesn't match image C:\Develop_JH\My project\Library\PackageCache\com.unity.visualscripting@1.7.8\Editor\VisualScripting.Core\Dependencies\DotNetZip\Unity.VisualScripting.IonicZip.dll
Native extension for WindowsStandalone target not found
Refreshing native plugins compatible for Editor in 0.63 ms, found 3 plugins.
Preloading 0 native plugins for Editor in 0.00 ms.
Mono: successfully reloaded assembly
- Completed reload, in  0.685 seconds
Domain Reload Profiling:
	ReloadAssembly (685ms)
		BeginReloadAssembly (96ms)
			ExecutionOrderSort (0ms)
			DisableScriptedObjects (4ms)
			BackupInstance (0ms)
			ReleaseScriptingObjects (0ms)
			CreateAndSetChildDomain (27ms)
		EndReloadAssembly (523ms)
			LoadAssemblies (54ms)
			RebuildTransferFunctionScriptingTraits (0ms)
			SetupTypeCache (154ms)
			ReleaseScriptCaches (1ms)
			RebuildScriptCaches (30ms)
			SetupLoadedEditorAssemblies (252ms)
				LogAssemblyErrors (0ms)
				InitializePlatformSupportModulesInManaged (10ms)
				SetLoadedEditorAssemblies (0ms)
				RefreshPlugins (1ms)
				BeforeProcessingInitializeOnLoad (54ms)
				ProcessInitializeOnLoadAttributes (156ms)
				ProcessInitializeOnLoadMethodAttributes (21ms)
				AfterProcessingInitializeOnLoad (8ms)
				EditorAssembliesLoaded (0ms)
			ExecutionOrderSort2 (0ms)
			AwakeInstancesAfterBackupRestoration (5ms)
Platform modules already initialized, skipping
Refreshing native plugins compatible for Editor in 1.54 ms, found 3 plugins.
Preloading 0 native plugins for Editor in 0.00 ms.
Unloading 3506 Unused Serialized files (Serialized files now loaded: 0)
Unloading 59 unused Assets / (3.3 MB). Loaded Objects now: 3970.
Memory consumption went from 134.0 MB to 130.7 MB.
Total: 3.220300 ms (FindLiveObjects: 0.214400 ms CreateObjectMapping: 0.068400 ms MarkObjects: 2.116400 ms  DeleteObjects: 0.820500 ms)

AssetImportParameters requested are different than current active one (requested -> active):
  custom:video-decoder-ogg-theora: a1e56fd34408186e4bbccfd4996cb3dc -> 
  custom:container-muxer-webm: aa71ff27fc2769a1b78a27578f13a17b -> 
  custom:container-demuxer-webm: 4f35f7cbe854078d1ac9338744f61a02 -> 
  custom:video-encoder-webm-vp8: eb34c28f22e8b96e1ab97ce403110664 -> 
  custom:audio-encoder-webm-vorbis: bf7c407c2cedff20999df2af8eb42d56 -> 
  custom:framework-win-MediaFoundation: 216162199b28c13a410421893ffa2e32 -> 
  custom:container-demuxer-ogg: 62fdf1f143b41e24485cea50d1cbac27 -> 
  custom:video-decoder-webm-vp8: 9c59270c3fd7afecdb556c50c9e8de78 -> 
  custom:audio-decoder-ogg-vorbis: bf7c407c2cedff20999df2af8eb42d56 -> 
========================================================================
Received Import Request.
  Time since last request: 412.109731 seconds.
  path: Assets/EvolveGames/RealisticFPSController/Images/BAF.png
  artifactKey: Guid(0507f6c06df5e8c4aaebcd339da533bd) Importer(815301076,1909f56bfc062723c751e8b465ee728b)
Start importing Assets/EvolveGames/RealisticFPSController/Images/BAF.png using Guid(0507f6c06df5e8c4aaebcd339da533bd) Importer(815301076,1909f56bfc062723c751e8b465ee728b)  -> (artifact id: '9eaf7c682464f8f11fab666e3c55f128') in 0.059080 seconds 
========================================================================
Received Import Request.
  Time since last request: 3.709008 seconds.
  path: Assets/EvolveGames/RealisticFPSController/Images/Items
  artifactKey: Guid(9d59c1c981c6f894f8953d26741c25fc) Importer(815301076,1909f56bfc062723c751e8b465ee728b)
Start importing Assets/EvolveGames/RealisticFPSController/Images/Items using Guid(9d59c1c981c6f894f8953d26741c25fc) Importer(815301076,1909f56bfc062723c751e8b465ee728b)  -> (artifact id: '1765dcfec694a44282e12d957dc201a2') in 0.004605 seconds 
========================================================================
Received Import Request.
  Time since last request: 8.019291 seconds.
  path: Assets/EvolveGames/RealisticFPSController/Images/Items/Crowbar.png
  artifactKey: Guid(19576e2f30e2ebf4cb23a21d518e3138) Importer(815301076,1909f56bfc062723c751e8b465ee728b)
Start importing Assets/EvolveGames/RealisticFPSController/Images/Items/Crowbar.png using Guid(19576e2f30e2ebf4cb23a21d518e3138) Importer(815301076,1909f56bfc062723c751e8b465ee728b)  -> (artifact id: '277f52b6071563c08fbbf7bca98bc5b2') in 0.019955 seconds 
========================================================================
Received Import Request.
  Time since last request: 39.362907 seconds.
  path: Assets/EvolveGames/RealisticFPSController/Images/Items/Paraglizer.png
  artifactKey: Guid(d63e7542ae3161349891bea9c700f922) Importer(815301076,1909f56bfc062723c751e8b465ee728b)
Start importing Assets/EvolveGames/RealisticFPSController/Images/Items/Paraglizer.png using Guid(d63e7542ae3161349891bea9c700f922) Importer(815301076,1909f56bfc062723c751e8b465ee728b)  -> (artifact id: '8b1e6942d4edc18c38f4104c9e6d8adc') in 0.017473 seconds 
========================================================================
Received Import Request.
  Time since last request: 1.492130 seconds.
  path: Assets/EvolveGames/RealisticFPSController/Images/Items/Axe.png
  artifactKey: Guid(1e50f56f6bf94184199c3d7b3f445273) Importer(815301076,1909f56bfc062723c751e8b465ee728b)
Start importing Assets/EvolveGames/RealisticFPSController/Images/Items/Axe.png using Guid(1e50f56f6bf94184199c3d7b3f445273) Importer(815301076,1909f56bfc062723c751e8b465ee728b)  -> (artifact id: '4b85b153b618485a93278650f114411d') in 0.015770 seconds 
========================================================================
Received Import Request.
  Time since last request: 8.480339 seconds.
  path: Assets/EvolveGames/RealisticFPSController/Images/ViewpointLOGO.png
  artifactKey: Guid(8a52664197ce5bc46bbf13b04195bbab) Importer(815301076,1909f56bfc062723c751e8b465ee728b)
Start importing Assets/EvolveGames/RealisticFPSController/Images/ViewpointLOGO.png using Guid(8a52664197ce5bc46bbf13b04195bbab) Importer(815301076,1909f56bfc062723c751e8b465ee728b)  -> (artifact id: 'f397b5ffc384ca4253ba3fca4d74e985') in 0.016717 seconds 
========================================================================
Received Import Request.
  Time since last request: 1.174807 seconds.
  path: Assets/EvolveGames/RealisticFPSController/Images/Evolve Games Official LOGO.png
  artifactKey: Guid(97aa387a57998c64898a6cbfa77cf6a2) Importer(815301076,1909f56bfc062723c751e8b465ee728b)
Start importing Assets/EvolveGames/RealisticFPSController/Images/Evolve Games Official LOGO.png using Guid(97aa387a57998c64898a6cbfa77cf6a2) Importer(815301076,1909f56bfc062723c751e8b465ee728b)  -> (artifact id: '4b205ae0b4da8dd9d41b854b09d7dc9e') in 0.021869 seconds 
========================================================================
Received Import Request.
  Time since last request: 2.317737 seconds.
  path: Assets/EvolveGames/RealisticFPSController/Images/Crosshair 1.png
  artifactKey: Guid(1f92915ba65f282498d74eb0e06ccc18) Importer(815301076,1909f56bfc062723c751e8b465ee728b)
Start importing Assets/EvolveGames/RealisticFPSController/Images/Crosshair 1.png using Guid(1f92915ba65f282498d74eb0e06ccc18) Importer(815301076,1909f56bfc062723c751e8b465ee728b)  -> (artifact id: 'c97c5fc19516fbdca33439a0b7f856a4') in 0.011583 seconds 
========================================================================
Received Import Request.
  Time since last request: 25.035580 seconds.
  path: Assets/EvolveGames/RealisticFPSController/Images/Controls Panel.png
  artifactKey: Guid(50501202288955f4fa6ab049beb8fc7a) Importer(815301076,1909f56bfc062723c751e8b465ee728b)
Start importing Assets/EvolveGames/RealisticFPSController/Images/Controls Panel.png using Guid(50501202288955f4fa6ab049beb8fc7a) Importer(815301076,1909f56bfc062723c751e8b465ee728b)  -> (artifact id: '03e9ff2be25ad77a4c18ea871c622d20') in 0.083113 seconds 
========================================================================
Received Import Request.
  Time since last request: 2.375267 seconds.
  path: Assets/EvolveGames/RealisticFPSController/Images/EscKey.png
  artifactKey: Guid(96b8513aac13cc046990727acbaf4fa8) Importer(815301076,1909f56bfc062723c751e8b465ee728b)
Start importing Assets/EvolveGames/RealisticFPSController/Images/EscKey.png using Guid(96b8513aac13cc046990727acbaf4fa8) Importer(815301076,1909f56bfc062723c751e8b465ee728b)  -> (artifact id: 'ece9e2cf7e7cd90567d43fa7bb6db0ac') in 0.023780 seconds 
========================================================================
Received Import Request.
  Time since last request: 0.544366 seconds.
  path: Assets/EvolveGames/RealisticFPSController/Images/FPS Controller LOGO Transparent.png
  artifactKey: Guid(a4fe8a21f0330f24ab2832978d3e0f1b) Importer(815301076,1909f56bfc062723c751e8b465ee728b)
Start importing Assets/EvolveGames/RealisticFPSController/Images/FPS Controller LOGO Transparent.png using Guid(a4fe8a21f0330f24ab2832978d3e0f1b) Importer(815301076,1909f56bfc062723c751e8b465ee728b)  -> (artifact id: '987004e6b03ebcbb005ca3ef7c2da7c2') in 0.076431 seconds 
========================================================================
Received Prepare
Registering precompiled user dll's ...
Registered in 0.004169 seconds.
Begin MonoManager ReloadAssembly
Symbol file LoadedFromMemory doesn't match image C:\Develop_JH\My project\Library\PackageCache\com.unity.visualscripting@1.7.8\Editor\VisualScripting.Core\Dependencies\YamlDotNet\Unity.VisualScripting.YamlDotNet.dll
Symbol file LoadedFromMemory doesn't match image C:\Develop_JH\My project\Library\PackageCache\com.unity.visualscripting@1.7.8\Editor\VisualScripting.Core\Dependencies\DotNetZip\Unity.VisualScripting.IonicZip.dll
Native extension for WindowsStandalone target not found
Refreshing native plugins compatible for Editor in 0.61 ms, found 3 plugins.
Preloading 0 native plugins for Editor in 0.00 ms.
Mono: successfully reloaded assembly
- Completed reload, in  0.674 seconds
Domain Reload Profiling:
	ReloadAssembly (674ms)
		BeginReloadAssembly (94ms)
			ExecutionOrderSort (0ms)
			DisableScriptedObjects (4ms)
			BackupInstance (0ms)
			ReleaseScriptingObjects (0ms)
			CreateAndSetChildDomain (26ms)
		EndReloadAssembly (512ms)
			LoadAssemblies (55ms)
			RebuildTransferFunctionScriptingTraits (0ms)
			SetupTypeCache (154ms)
			ReleaseScriptCaches (1ms)
			RebuildScriptCaches (29ms)
			SetupLoadedEditorAssemblies (240ms)
				LogAssemblyErrors (0ms)
				InitializePlatformSupportModulesInManaged (9ms)
				SetLoadedEditorAssemblies (0ms)
				RefreshPlugins (1ms)
				BeforeProcessingInitializeOnLoad (54ms)
				ProcessInitializeOnLoadAttributes (151ms)
				ProcessInitializeOnLoadMethodAttributes (18ms)
				AfterProcessingInitializeOnLoad (6ms)
				EditorAssembliesLoaded (0ms)
			ExecutionOrderSort2 (0ms)
			AwakeInstancesAfterBackupRestoration (4ms)
Platform modules already initialized, skipping
Refreshing native plugins compatible for Editor in 1.36 ms, found 3 plugins.
Preloading 0 native plugins for Editor in 0.00 ms.
Unloading 3506 Unused Serialized files (Serialized files now loaded: 0)
Unloading 59 unused Assets / (3.3 MB). Loaded Objects now: 3992.
Memory consumption went from 134.1 MB to 130.8 MB.
Total: 2.884700 ms (FindLiveObjects: 0.191300 ms CreateObjectMapping: 0.065600 ms MarkObjects: 1.910900 ms  DeleteObjects: 0.716500 ms)

AssetImportParameters requested are different than current active one (requested -> active):
  custom:video-decoder-ogg-theora: a1e56fd34408186e4bbccfd4996cb3dc -> 
  custom:container-muxer-webm: aa71ff27fc2769a1b78a27578f13a17b -> 
  custom:container-demuxer-webm: 4f35f7cbe854078d1ac9338744f61a02 -> 
  custom:video-encoder-webm-vp8: eb34c28f22e8b96e1ab97ce403110664 -> 
  custom:audio-encoder-webm-vorbis: bf7c407c2cedff20999df2af8eb42d56 -> 
  custom:framework-win-MediaFoundation: 216162199b28c13a410421893ffa2e32 -> 
  custom:container-demuxer-ogg: 62fdf1f143b41e24485cea50d1cbac27 -> 
  custom:video-decoder-webm-vp8: 9c59270c3fd7afecdb556c50c9e8de78 -> 
  custom:audio-decoder-ogg-vorbis: bf7c407c2cedff20999df2af8eb42d56 -> 
========================================================================
Received Prepare
Registering precompiled user dll's ...
Registered in 0.003823 seconds.
Begin MonoManager ReloadAssembly
Symbol file LoadedFromMemory doesn't match image C:\Develop_JH\My project\Library\PackageCache\com.unity.visualscripting@1.7.8\Editor\VisualScripting.Core\Dependencies\YamlDotNet\Unity.VisualScripting.YamlDotNet.dll
Symbol file LoadedFromMemory doesn't match image C:\Develop_JH\My project\Library\PackageCache\com.unity.visualscripting@1.7.8\Editor\VisualScripting.Core\Dependencies\DotNetZip\Unity.VisualScripting.IonicZip.dll
Native extension for WindowsStandalone target not found
Refreshing native plugins compatible for Editor in 0.83 ms, found 3 plugins.
Preloading 0 native plugins for Editor in 0.00 ms.
Mono: successfully reloaded assembly
- Completed reload, in  0.713 seconds
Domain Reload Profiling:
	ReloadAssembly (714ms)
		BeginReloadAssembly (102ms)
			ExecutionOrderSort (0ms)
			DisableScriptedObjects (6ms)
			BackupInstance (0ms)
			ReleaseScriptingObjects (0ms)
			CreateAndSetChildDomain (29ms)
		EndReloadAssembly (541ms)
			LoadAssemblies (58ms)
			RebuildTransferFunctionScriptingTraits (0ms)
			SetupTypeCache (177ms)
			ReleaseScriptCaches (1ms)
			RebuildScriptCaches (28ms)
			SetupLoadedEditorAssemblies (242ms)
				LogAssemblyErrors (0ms)
				InitializePlatformSupportModulesInManaged (11ms)
				SetLoadedEditorAssemblies (0ms)
				RefreshPlugins (1ms)
				BeforeProcessingInitializeOnLoad (60ms)
				ProcessInitializeOnLoadAttributes (142ms)
				ProcessInitializeOnLoadMethodAttributes (21ms)
				AfterProcessingInitializeOnLoad (6ms)
				EditorAssembliesLoaded (0ms)
			ExecutionOrderSort2 (0ms)
			AwakeInstancesAfterBackupRestoration (4ms)
Platform modules already initialized, skipping
Refreshing native plugins compatible for Editor in 1.47 ms, found 3 plugins.
Preloading 0 native plugins for Editor in 0.00 ms.
Unloading 3506 Unused Serialized files (Serialized files now loaded: 0)
Unloading 59 unused Assets / (3.3 MB). Loaded Objects now: 3995.
Memory consumption went from 134.1 MB to 130.8 MB.
Total: 2.937900 ms (FindLiveObjects: 0.186400 ms CreateObjectMapping: 0.076300 ms MarkObjects: 1.988400 ms  DeleteObjects: 0.686000 ms)

AssetImportParameters requested are different than current active one (requested -> active):
  custom:video-decoder-ogg-theora: a1e56fd34408186e4bbccfd4996cb3dc -> 
  custom:container-muxer-webm: aa71ff27fc2769a1b78a27578f13a17b -> 
  custom:container-demuxer-webm: 4f35f7cbe854078d1ac9338744f61a02 -> 
  custom:video-encoder-webm-vp8: eb34c28f22e8b96e1ab97ce403110664 -> 
  custom:audio-encoder-webm-vorbis: bf7c407c2cedff20999df2af8eb42d56 -> 
  custom:framework-win-MediaFoundation: 216162199b28c13a410421893ffa2e32 -> 
  custom:container-demuxer-ogg: 62fdf1f143b41e24485cea50d1cbac27 -> 
  custom:video-decoder-webm-vp8: 9c59270c3fd7afecdb556c50c9e8de78 -> 
  custom:audio-decoder-ogg-vorbis: bf7c407c2cedff20999df2af8eb42d56 -> 
========================================================================
Received Prepare
Registering precompiled user dll's ...
Registered in 0.004342 seconds.
Begin MonoManager ReloadAssembly
Symbol file LoadedFromMemory doesn't match image C:\Develop_JH\My project\Library\PackageCache\com.unity.visualscripting@1.7.8\Editor\VisualScripting.Core\Dependencies\YamlDotNet\Unity.VisualScripting.YamlDotNet.dll
Symbol file LoadedFromMemory doesn't match image C:\Develop_JH\My project\Library\PackageCache\com.unity.visualscripting@1.7.8\Editor\VisualScripting.Core\Dependencies\DotNetZip\Unity.VisualScripting.IonicZip.dll
Native extension for WindowsStandalone target not found
Refreshing native plugins compatible for Editor in 0.49 ms, found 3 plugins.
Preloading 0 native plugins for Editor in 0.00 ms.
Mono: successfully reloaded assembly
- Completed reload, in  0.710 seconds
Domain Reload Profiling:
	ReloadAssembly (710ms)
		BeginReloadAssembly (100ms)
			ExecutionOrderSort (0ms)
			DisableScriptedObjects (5ms)
			BackupInstance (0ms)
			ReleaseScriptingObjects (0ms)
			CreateAndSetChildDomain (28ms)
		EndReloadAssembly (542ms)
			LoadAssemblies (55ms)
			RebuildTransferFunctionScriptingTraits (0ms)
			SetupTypeCache (178ms)
			ReleaseScriptCaches (1ms)
			RebuildScriptCaches (29ms)
			SetupLoadedEditorAssemblies (247ms)
				LogAssemblyErrors (0ms)
				InitializePlatformSupportModulesInManaged (10ms)
				SetLoadedEditorAssemblies (0ms)
				RefreshPlugins (1ms)
				BeforeProcessingInitializeOnLoad (54ms)
				ProcessInitializeOnLoadAttributes (155ms)
				ProcessInitializeOnLoadMethodAttributes (20ms)
				AfterProcessingInitializeOnLoad (7ms)
				EditorAssembliesLoaded (0ms)
			ExecutionOrderSort2 (0ms)
			AwakeInstancesAfterBackupRestoration (5ms)
Platform modules already initialized, skipping
Refreshing native plugins compatible for Editor in 1.58 ms, found 3 plugins.
Preloading 0 native plugins for Editor in 0.00 ms.
Unloading 3506 Unused Serialized files (Serialized files now loaded: 0)
Unloading 59 unused Assets / (3.3 MB). Loaded Objects now: 3998.
Memory consumption went from 134.1 MB to 130.8 MB.
Total: 3.161500 ms (FindLiveObjects: 0.226900 ms CreateObjectMapping: 0.072500 ms MarkObjects: 2.038600 ms  DeleteObjects: 0.822900 ms)

AssetImportParameters requested are different than current active one (requested -> active):
  custom:video-decoder-ogg-theora: a1e56fd34408186e4bbccfd4996cb3dc -> 
  custom:container-muxer-webm: aa71ff27fc2769a1b78a27578f13a17b -> 
  custom:container-demuxer-webm: 4f35f7cbe854078d1ac9338744f61a02 -> 
  custom:video-encoder-webm-vp8: eb34c28f22e8b96e1ab97ce403110664 -> 
  custom:audio-encoder-webm-vorbis: bf7c407c2cedff20999df2af8eb42d56 -> 
  custom:framework-win-MediaFoundation: 216162199b28c13a410421893ffa2e32 -> 
  custom:container-demuxer-ogg: 62fdf1f143b41e24485cea50d1cbac27 -> 
  custom:video-decoder-webm-vp8: 9c59270c3fd7afecdb556c50c9e8de78 -> 
  custom:audio-decoder-ogg-vorbis: bf7c407c2cedff20999df2af8eb42d56 -> 
========================================================================
Received Import Request.
  Time since last request: 232.930428 seconds.
  path: Assets/EvolveGames/RealisticFPSController/Images/Items/Hammer.png
  artifactKey: Guid(c674667b40c9bf74d87dc888ebfc492b) Importer(815301076,1909f56bfc062723c751e8b465ee728b)
Start importing Assets/EvolveGames/RealisticFPSController/Images/Items/Hammer.png using Guid(c674667b40c9bf74d87dc888ebfc492b) Importer(815301076,1909f56bfc062723c751e8b465ee728b)  -> (artifact id: '905cc088c21c59b672790971beebdf4f') in 0.052096 seconds 
========================================================================
Received Import Request.
  Time since last request: 74.899944 seconds.
  path: Assets/EvolveGames/RealisticFPSController/Images/CHARACTER_GIRL.png
  artifactKey: Guid(963c9b093da7c8041838c5a9c3d408a1) Importer(815301076,1909f56bfc062723c751e8b465ee728b)
Start importing Assets/EvolveGames/RealisticFPSController/Images/CHARACTER_GIRL.png using Guid(963c9b093da7c8041838c5a9c3d408a1) Importer(815301076,1909f56bfc062723c751e8b465ee728b)  -> (artifact id: 'cb0e626e68dc118aa3ed3b332131686b') in 0.007909 seconds 
========================================================================
Received Import Request.
  Time since last request: 28.606346 seconds.
  path: Assets/EvolveGames/RealisticFPSController/PostProcessing/PostProcessing.prefab
  artifactKey: Guid(58082e4c7803d4249817092686a5dc41) Importer(815301076,1909f56bfc062723c751e8b465ee728b)
Start importing Assets/EvolveGames/RealisticFPSController/PostProcessing/PostProcessing.prefab using Guid(58082e4c7803d4249817092686a5dc41) Importer(815301076,1909f56bfc062723c751e8b465ee728b)  -> (artifact id: '169eb196a93af8c3c31cafbea776bf08') in 0.029468 seconds 
========================================================================
Received Import Request.
  Time since last request: 5.896241 seconds.
  path: Assets/EvolveGames/RealisticFPSController/PostProcessing/GameLighting.lighting
  artifactKey: Guid(e781091a21b40c140ab23feb9d182fe8) Importer(815301076,1909f56bfc062723c751e8b465ee728b)
Start importing Assets/EvolveGames/RealisticFPSController/PostProcessing/GameLighting.lighting using Guid(e781091a21b40c140ab23feb9d182fe8) Importer(815301076,1909f56bfc062723c751e8b465ee728b)  -> (artifact id: '0476d211a6a80f90cf58c6adeaa3642b') in 0.006035 seconds 
========================================================================
Received Import Request.
  Time since last request: 0.652205 seconds.
  path: Assets/EvolveGames/RealisticFPSController/PostProcessing/HIGH.asset
  artifactKey: Guid(6f851e013852fd048acf384de045106e) Importer(815301076,1909f56bfc062723c751e8b465ee728b)
Start importing Assets/EvolveGames/RealisticFPSController/PostProcessing/HIGH.asset using Guid(6f851e013852fd048acf384de045106e) Importer(815301076,1909f56bfc062723c751e8b465ee728b)  -> (artifact id: '03f5ed7d9b47f69a700805ff87d72608') in 0.014210 seconds 
========================================================================
Received Import Request.
  Time since last request: 0.624727 seconds.
  path: Assets/EvolveGames/RealisticFPSController/PostProcessing/lensDirt.png
  artifactKey: Guid(848ed396b8dfb6e4ba8a0dadb217ef28) Importer(815301076,1909f56bfc062723c751e8b465ee728b)
Start importing Assets/EvolveGames/RealisticFPSController/PostProcessing/lensDirt.png using Guid(848ed396b8dfb6e4ba8a0dadb217ef28) Importer(815301076,1909f56bfc062723c751e8b465ee728b)  -> (artifact id: '2333fc8493210f85f083e47aafdba82c') in 0.164465 seconds 
========================================================================
Received Import Request.
  Time since last request: 4.095187 seconds.
  path: Assets/EvolveGames/RealisticFPSController/Meshes/Axe
  artifactKey: Guid(9e7ce5e00a3b1c14fa14924855845968) Importer(815301076,1909f56bfc062723c751e8b465ee728b)
Start importing Assets/EvolveGames/RealisticFPSController/Meshes/Axe using Guid(9e7ce5e00a3b1c14fa14924855845968) Importer(815301076,1909f56bfc062723c751e8b465ee728b)  -> (artifact id: 'f53fb07e47dff21bcda0cf782457eee8') in 0.001680 seconds 
========================================================================
Received Import Request.
  Time since last request: 1.545189 seconds.
  path: Assets/EvolveGames/RealisticFPSController/Meshes/Axe/Textures
  artifactKey: Guid(8e145ae90abd3ca40a3b299262281f7a) Importer(815301076,1909f56bfc062723c751e8b465ee728b)
Start importing Assets/EvolveGames/RealisticFPSController/Meshes/Axe/Textures using Guid(8e145ae90abd3ca40a3b299262281f7a) Importer(815301076,1909f56bfc062723c751e8b465ee728b)  -> (artifact id: '856e0448a0a6505ec6c1282567f3728c') in 0.004601 seconds 
========================================================================
Received Import Request.
  Time since last request: 1.364696 seconds.
  path: Assets/EvolveGames/RealisticFPSController/Meshes/Axe/Textures/DefaultMaterial_Mixed_AO.png
  artifactKey: Guid(5823b67191101704899f419d7fd41662) Importer(815301076,1909f56bfc062723c751e8b465ee728b)
Start importing Assets/EvolveGames/RealisticFPSController/Meshes/Axe/Textures/DefaultMaterial_Mixed_AO.png using Guid(5823b67191101704899f419d7fd41662) Importer(815301076,1909f56bfc062723c751e8b465ee728b)  -> (artifact id: '0db61fc56cef3bbb6a272a5be722dea9') in 0.008833 seconds 
========================================================================
Received Import Request.
  Time since last request: 0.865333 seconds.
  path: Assets/EvolveGames/RealisticFPSController/Meshes/Axe/Textures/DefaultMaterial_Metallic.png
  artifactKey: Guid(415bdad2ed9e64d45bd76fca054be18e) Importer(815301076,1909f56bfc062723c751e8b465ee728b)
Start importing Assets/EvolveGames/RealisticFPSController/Meshes/Axe/Textures/DefaultMaterial_Metallic.png using Guid(415bdad2ed9e64d45bd76fca054be18e) Importer(815301076,1909f56bfc062723c751e8b465ee728b)  -> (artifact id: '130c0a0de57461cdb353e96884bd9290') in 0.009040 seconds 
========================================================================
Received Import Request.
  Time since last request: 0.454971 seconds.
  path: Assets/EvolveGames/RealisticFPSController/Meshes/Axe/Textures/DefaultMaterial_Base_Color.png
  artifactKey: Guid(cd65331946a6e54479018a34f59597b9) Importer(815301076,1909f56bfc062723c751e8b465ee728b)
Start importing Assets/EvolveGames/RealisticFPSController/Meshes/Axe/Textures/DefaultMaterial_Base_Color.png using Guid(cd65331946a6e54479018a34f59597b9) Importer(815301076,1909f56bfc062723c751e8b465ee728b)  -> (artifact id: '406aedc82218f737fbf6ca694b0536e3') in 0.009776 seconds 
========================================================================
Received Prepare
Registering precompiled user dll's ...
Registered in 0.003929 seconds.
Begin MonoManager ReloadAssembly
Symbol file LoadedFromMemory doesn't match image C:\Develop_JH\My project\Library\PackageCache\com.unity.visualscripting@1.7.8\Editor\VisualScripting.Core\Dependencies\YamlDotNet\Unity.VisualScripting.YamlDotNet.dll
Symbol file LoadedFromMemory doesn't match image C:\Develop_JH\My project\Library\PackageCache\com.unity.visualscripting@1.7.8\Editor\VisualScripting.Core\Dependencies\DotNetZip\Unity.VisualScripting.IonicZip.dll
Native extension for WindowsStandalone target not found
Refreshing native plugins compatible for Editor in 0.64 ms, found 3 plugins.
Preloading 0 native plugins for Editor in 0.00 ms.
Mono: successfully reloaded assembly
- Completed reload, in  0.725 seconds
Domain Reload Profiling:
	ReloadAssembly (725ms)
		BeginReloadAssembly (98ms)
			ExecutionOrderSort (0ms)
			DisableScriptedObjects (3ms)
			BackupInstance (0ms)
			ReleaseScriptingObjects (0ms)
			CreateAndSetChildDomain (30ms)
		EndReloadAssembly (559ms)
			LoadAssemblies (55ms)
			RebuildTransferFunctionScriptingTraits (0ms)
			SetupTypeCache (178ms)
			ReleaseScriptCaches (1ms)
			RebuildScriptCaches (29ms)
			SetupLoadedEditorAssemblies (258ms)
				LogAssemblyErrors (0ms)
				InitializePlatformSupportModulesInManaged (9ms)
				SetLoadedEditorAssemblies (0ms)
				RefreshPlugins (1ms)
				BeforeProcessingInitializeOnLoad (58ms)
				ProcessInitializeOnLoadAttributes (162ms)
				ProcessInitializeOnLoadMethodAttributes (21ms)
				AfterProcessingInitializeOnLoad (7ms)
				EditorAssembliesLoaded (0ms)
			ExecutionOrderSort2 (0ms)
			AwakeInstancesAfterBackupRestoration (5ms)
Platform modules already initialized, skipping
Refreshing native plugins compatible for Editor in 1.71 ms, found 3 plugins.
Preloading 0 native plugins for Editor in 0.00 ms.
Unloading 3506 Unused Serialized files (Serialized files now loaded: 0)
Unloading 59 unused Assets / (3.3 MB). Loaded Objects now: 4003.
Memory consumption went from 134.1 MB to 130.8 MB.
Total: 3.376500 ms (FindLiveObjects: 0.308800 ms CreateObjectMapping: 0.120300 ms MarkObjects: 2.146200 ms  DeleteObjects: 0.800600 ms)

AssetImportParameters requested are different than current active one (requested -> active):
  custom:video-decoder-ogg-theora: a1e56fd34408186e4bbccfd4996cb3dc -> 
  custom:container-muxer-webm: aa71ff27fc2769a1b78a27578f13a17b -> 
  custom:container-demuxer-webm: 4f35f7cbe854078d1ac9338744f61a02 -> 
  custom:video-encoder-webm-vp8: eb34c28f22e8b96e1ab97ce403110664 -> 
  custom:audio-encoder-webm-vorbis: bf7c407c2cedff20999df2af8eb42d56 -> 
  custom:framework-win-MediaFoundation: 216162199b28c13a410421893ffa2e32 -> 
  custom:container-demuxer-ogg: 62fdf1f143b41e24485cea50d1cbac27 -> 
  custom:video-decoder-webm-vp8: 9c59270c3fd7afecdb556c50c9e8de78 -> 
  custom:audio-decoder-ogg-vorbis: bf7c407c2cedff20999df2af8eb42d56 -> 
========================================================================
Received Prepare
Registering precompiled user dll's ...
Registered in 0.004731 seconds.
Begin MonoManager ReloadAssembly
Symbol file LoadedFromMemory doesn't match image C:\Develop_JH\My project\Library\PackageCache\com.unity.visualscripting@1.7.8\Editor\VisualScripting.Core\Dependencies\YamlDotNet\Unity.VisualScripting.YamlDotNet.dll
Symbol file LoadedFromMemory doesn't match image C:\Develop_JH\My project\Library\PackageCache\com.unity.visualscripting@1.7.8\Editor\VisualScripting.Core\Dependencies\DotNetZip\Unity.VisualScripting.IonicZip.dll
Native extension for WindowsStandalone target not found
Refreshing native plugins compatible for Editor in 0.48 ms, found 3 plugins.
Preloading 0 native plugins for Editor in 0.00 ms.
Mono: successfully reloaded assembly
- Completed reload, in  0.664 seconds
Domain Reload Profiling:
	ReloadAssembly (665ms)
		BeginReloadAssembly (99ms)
			ExecutionOrderSort (0ms)
			DisableScriptedObjects (4ms)
			BackupInstance (0ms)
			ReleaseScriptingObjects (0ms)
			CreateAndSetChildDomain (27ms)
		EndReloadAssembly (498ms)
			LoadAssemblies (58ms)
			RebuildTransferFunctionScriptingTraits (0ms)
			SetupTypeCache (164ms)
			ReleaseScriptCaches (1ms)
			RebuildScriptCaches (26ms)
			SetupLoadedEditorAssemblies (222ms)
				LogAssemblyErrors (0ms)
				InitializePlatformSupportModulesInManaged (9ms)
				SetLoadedEditorAssemblies (0ms)
				RefreshPlugins (1ms)
				BeforeProcessingInitializeOnLoad (48ms)
				ProcessInitializeOnLoadAttributes (140ms)
				ProcessInitializeOnLoadMethodAttributes (18ms)
				AfterProcessingInitializeOnLoad (6ms)
				EditorAssembliesLoaded (0ms)
			ExecutionOrderSort2 (0ms)
			AwakeInstancesAfterBackupRestoration (4ms)
Platform modules already initialized, skipping
Refreshing native plugins compatible for Editor in 1.45 ms, found 3 plugins.
Preloading 0 native plugins for Editor in 0.00 ms.
Unloading 3506 Unused Serialized files (Serialized files now loaded: 0)
Unloading 59 unused Assets / (3.3 MB). Loaded Objects now: 4006.
Memory consumption went from 134.1 MB to 130.8 MB.
Total: 3.026200 ms (FindLiveObjects: 0.187900 ms CreateObjectMapping: 0.065100 ms MarkObjects: 1.924000 ms  DeleteObjects: 0.848700 ms)

AssetImportParameters requested are different than current active one (requested -> active):
  custom:video-decoder-ogg-theora: a1e56fd34408186e4bbccfd4996cb3dc -> 
  custom:container-muxer-webm: aa71ff27fc2769a1b78a27578f13a17b -> 
  custom:container-demuxer-webm: 4f35f7cbe854078d1ac9338744f61a02 -> 
  custom:video-encoder-webm-vp8: eb34c28f22e8b96e1ab97ce403110664 -> 
  custom:audio-encoder-webm-vorbis: bf7c407c2cedff20999df2af8eb42d56 -> 
  custom:framework-win-MediaFoundation: 216162199b28c13a410421893ffa2e32 -> 
  custom:container-demuxer-ogg: 62fdf1f143b41e24485cea50d1cbac27 -> 
  custom:video-decoder-webm-vp8: 9c59270c3fd7afecdb556c50c9e8de78 -> 
  custom:audio-decoder-ogg-vorbis: bf7c407c2cedff20999df2af8eb42d56 -> 
========================================================================
Received Prepare
Registering precompiled user dll's ...
Registered in 0.004454 seconds.
Begin MonoManager ReloadAssembly
Symbol file LoadedFromMemory doesn't match image C:\Develop_JH\My project\Library\PackageCache\com.unity.visualscripting@1.7.8\Editor\VisualScripting.Core\Dependencies\YamlDotNet\Unity.VisualScripting.YamlDotNet.dll
Symbol file LoadedFromMemory doesn't match image C:\Develop_JH\My project\Library\PackageCache\com.unity.visualscripting@1.7.8\Editor\VisualScripting.Core\Dependencies\DotNetZip\Unity.VisualScripting.IonicZip.dll
Native extension for WindowsStandalone target not found
Refreshing native plugins compatible for Editor in 0.66 ms, found 3 plugins.
Preloading 0 native plugins for Editor in 0.00 ms.
Mono: successfully reloaded assembly
- Completed reload, in  0.722 seconds
Domain Reload Profiling:
	ReloadAssembly (722ms)
		BeginReloadAssembly (97ms)
			ExecutionOrderSort (0ms)
			DisableScriptedObjects (4ms)
			BackupInstance (0ms)
			ReleaseScriptingObjects (0ms)
			CreateAndSetChildDomain (27ms)
		EndReloadAssembly (552ms)
			LoadAssemblies (55ms)
			RebuildTransferFunctionScriptingTraits (0ms)
			SetupTypeCache (174ms)
			ReleaseScriptCaches (1ms)
			RebuildScriptCaches (29ms)
			SetupLoadedEditorAssemblies (258ms)
				LogAssemblyErrors (0ms)
				InitializePlatformSupportModulesInManaged (11ms)
				SetLoadedEditorAssemblies (0ms)
				RefreshPlugins (1ms)
				BeforeProcessingInitializeOnLoad (58ms)
				ProcessInitializeOnLoadAttributes (159ms)
				ProcessInitializeOnLoadMethodAttributes (21ms)
				AfterProcessingInitializeOnLoad (7ms)
				EditorAssembliesLoaded (0ms)
			ExecutionOrderSort2 (0ms)
			AwakeInstancesAfterBackupRestoration (4ms)
Platform modules already initialized, skipping
Refreshing native plugins compatible for Editor in 1.75 ms, found 3 plugins.
Preloading 0 native plugins for Editor in 0.00 ms.
Unloading 3506 Unused Serialized files (Serialized files now loaded: 0)
Unloading 59 unused Assets / (3.3 MB). Loaded Objects now: 4009.
Memory consumption went from 134.1 MB to 130.9 MB.
Total: 3.346600 ms (FindLiveObjects: 0.218000 ms CreateObjectMapping: 0.076800 ms MarkObjects: 2.263700 ms  DeleteObjects: 0.787600 ms)

AssetImportParameters requested are different than current active one (requested -> active):
  custom:video-decoder-ogg-theora: a1e56fd34408186e4bbccfd4996cb3dc -> 
  custom:container-muxer-webm: aa71ff27fc2769a1b78a27578f13a17b -> 
  custom:container-demuxer-webm: 4f35f7cbe854078d1ac9338744f61a02 -> 
  custom:video-encoder-webm-vp8: eb34c28f22e8b96e1ab97ce403110664 -> 
  custom:audio-encoder-webm-vorbis: bf7c407c2cedff20999df2af8eb42d56 -> 
  custom:framework-win-MediaFoundation: 216162199b28c13a410421893ffa2e32 -> 
  custom:container-demuxer-ogg: 62fdf1f143b41e24485cea50d1cbac27 -> 
  custom:video-decoder-webm-vp8: 9c59270c3fd7afecdb556c50c9e8de78 -> 
  custom:audio-decoder-ogg-vorbis: bf7c407c2cedff20999df2af8eb42d56 -> 
========================================================================
Received Prepare
Registering precompiled user dll's ...
Registered in 0.004699 seconds.
Begin MonoManager ReloadAssembly
Symbol file LoadedFromMemory doesn't match image C:\Develop_JH\My project\Library\PackageCache\com.unity.visualscripting@1.7.8\Editor\VisualScripting.Core\Dependencies\YamlDotNet\Unity.VisualScripting.YamlDotNet.dll
Symbol file LoadedFromMemory doesn't match image C:\Develop_JH\My project\Library\PackageCache\com.unity.visualscripting@1.7.8\Editor\VisualScripting.Core\Dependencies\DotNetZip\Unity.VisualScripting.IonicZip.dll
Native extension for WindowsStandalone target not found
Refreshing native plugins compatible for Editor in 0.83 ms, found 3 plugins.
Preloading 0 native plugins for Editor in 0.00 ms.
Mono: successfully reloaded assembly
- Completed reload, in  0.738 seconds
Domain Reload Profiling:
	ReloadAssembly (739ms)
		BeginReloadAssembly (99ms)
			ExecutionOrderSort (0ms)
			DisableScriptedObjects (4ms)
			BackupInstance (0ms)
			ReleaseScriptingObjects (0ms)
			CreateAndSetChildDomain (26ms)
		EndReloadAssembly (570ms)
			LoadAssemblies (58ms)
			RebuildTransferFunctionScriptingTraits (0ms)
			SetupTypeCache (174ms)
			ReleaseScriptCaches (1ms)
			RebuildScriptCaches (36ms)
			SetupLoadedEditorAssemblies (260ms)
				LogAssemblyErrors (0ms)
				InitializePlatformSupportModulesInManaged (11ms)
				SetLoadedEditorAssemblies (0ms)
				RefreshPlugins (1ms)
				BeforeProcessingInitializeOnLoad (60ms)
				ProcessInitializeOnLoadAttributes (158ms)
				ProcessInitializeOnLoadMethodAttributes (22ms)
				AfterProcessingInitializeOnLoad (8ms)
				EditorAssembliesLoaded (0ms)
			ExecutionOrderSort2 (0ms)
			AwakeInstancesAfterBackupRestoration (5ms)
Platform modules already initialized, skipping
Refreshing native plugins compatible for Editor in 1.62 ms, found 3 plugins.
Preloading 0 native plugins for Editor in 0.00 ms.
Unloading 3506 Unused Serialized files (Serialized files now loaded: 0)
Unloading 59 unused Assets / (3.3 MB). Loaded Objects now: 4012.
Memory consumption went from 134.2 MB to 130.9 MB.
Total: 3.196000 ms (FindLiveObjects: 0.207000 ms CreateObjectMapping: 0.088100 ms MarkObjects: 2.165500 ms  DeleteObjects: 0.735000 ms)

AssetImportParameters requested are different than current active one (requested -> active):
  custom:video-decoder-ogg-theora: a1e56fd34408186e4bbccfd4996cb3dc -> 
  custom:container-muxer-webm: aa71ff27fc2769a1b78a27578f13a17b -> 
  custom:container-demuxer-webm: 4f35f7cbe854078d1ac9338744f61a02 -> 
  custom:video-encoder-webm-vp8: eb34c28f22e8b96e1ab97ce403110664 -> 
  custom:audio-encoder-webm-vorbis: bf7c407c2cedff20999df2af8eb42d56 -> 
  custom:framework-win-MediaFoundation: 216162199b28c13a410421893ffa2e32 -> 
  custom:container-demuxer-ogg: 62fdf1f143b41e24485cea50d1cbac27 -> 
  custom:video-decoder-webm-vp8: 9c59270c3fd7afecdb556c50c9e8de78 -> 
  custom:audio-decoder-ogg-vorbis: bf7c407c2cedff20999df2af8eb42d56 -> 
========================================================================
Received Prepare
Registering precompiled user dll's ...
Registered in 0.004328 seconds.
Begin MonoManager ReloadAssembly
Symbol file LoadedFromMemory doesn't match image C:\Develop_JH\My project\Library\PackageCache\com.unity.visualscripting@1.7.8\Editor\VisualScripting.Core\Dependencies\YamlDotNet\Unity.VisualScripting.YamlDotNet.dll
Symbol file LoadedFromMemory doesn't match image C:\Develop_JH\My project\Library\PackageCache\com.unity.visualscripting@1.7.8\Editor\VisualScripting.Core\Dependencies\DotNetZip\Unity.VisualScripting.IonicZip.dll
Native extension for WindowsStandalone target not found
Refreshing native plugins compatible for Editor in 0.82 ms, found 3 plugins.
Preloading 0 native plugins for Editor in 0.00 ms.
Mono: successfully reloaded assembly
- Completed reload, in  0.707 seconds
Domain Reload Profiling:
	ReloadAssembly (708ms)
		BeginReloadAssembly (96ms)
			ExecutionOrderSort (0ms)
			DisableScriptedObjects (4ms)
			BackupInstance (0ms)
			ReleaseScriptingObjects (0ms)
			CreateAndSetChildDomain (27ms)
		EndReloadAssembly (545ms)
			LoadAssemblies (55ms)
			RebuildTransferFunctionScriptingTraits (0ms)
			SetupTypeCache (177ms)
			ReleaseScriptCaches (1ms)
			RebuildScriptCaches (29ms)
			SetupLoadedEditorAssemblies (249ms)
				LogAssemblyErrors (0ms)
				InitializePlatformSupportModulesInManaged (10ms)
				SetLoadedEditorAssemblies (0ms)
				RefreshPlugins (1ms)
				BeforeProcessingInitializeOnLoad (56ms)
				ProcessInitializeOnLoadAttributes (154ms)
				ProcessInitializeOnLoadMethodAttributes (21ms)
				AfterProcessingInitializeOnLoad (7ms)
				EditorAssembliesLoaded (0ms)
			ExecutionOrderSort2 (0ms)
			AwakeInstancesAfterBackupRestoration (4ms)
Platform modules already initialized, skipping
Refreshing native plugins compatible for Editor in 1.59 ms, found 3 plugins.
Preloading 0 native plugins for Editor in 0.00 ms.
Unloading 3506 Unused Serialized files (Serialized files now loaded: 0)
Unloading 59 unused Assets / (3.3 MB). Loaded Objects now: 4015.
Memory consumption went from 134.2 MB to 130.9 MB.
Total: 3.030100 ms (FindLiveObjects: 0.206500 ms CreateObjectMapping: 0.067100 ms MarkObjects: 1.975800 ms  DeleteObjects: 0.780100 ms)

AssetImportParameters requested are different than current active one (requested -> active):
  custom:video-decoder-ogg-theora: a1e56fd34408186e4bbccfd4996cb3dc -> 
  custom:container-muxer-webm: aa71ff27fc2769a1b78a27578f13a17b -> 
  custom:container-demuxer-webm: 4f35f7cbe854078d1ac9338744f61a02 -> 
  custom:video-encoder-webm-vp8: eb34c28f22e8b96e1ab97ce403110664 -> 
  custom:audio-encoder-webm-vorbis: bf7c407c2cedff20999df2af8eb42d56 -> 
  custom:framework-win-MediaFoundation: 216162199b28c13a410421893ffa2e32 -> 
  custom:container-demuxer-ogg: 62fdf1f143b41e24485cea50d1cbac27 -> 
  custom:video-decoder-webm-vp8: 9c59270c3fd7afecdb556c50c9e8de78 -> 
  custom:audio-decoder-ogg-vorbis: bf7c407c2cedff20999df2af8eb42d56 -> 
